{"C:\\Users\\Sasha\\OneDrive\\Bureau\\code\\tcg-frontend\\src\\services\\sound.service.ts": {"path":"C:\\Users\\Sasha\\OneDrive\\Bureau\\code\\tcg-frontend\\src\\services\\sound.service.ts","all":false,"statementMap":{"0":{"start":{"line":1,"column":0},"end":{"line":1,"column":38}},"1":{"start":{"line":2,"column":0},"end":{"line":2,"column":0}},"2":{"start":{"line":3,"column":0},"end":{"line":3,"column":21}},"3":{"start":{"line":4,"column":0},"end":{"line":4,"column":12}},"4":{"start":{"line":5,"column":0},"end":{"line":5,"column":13}},"5":{"start":{"line":6,"column":0},"end":{"line":6,"column":12}},"6":{"start":{"line":7,"column":0},"end":{"line":7,"column":17}},"7":{"start":{"line":8,"column":0},"end":{"line":8,"column":18}},"8":{"start":{"line":9,"column":0},"end":{"line":9,"column":16}},"9":{"start":{"line":10,"column":0},"end":{"line":10,"column":16}},"10":{"start":{"line":11,"column":0},"end":{"line":11,"column":22}},"11":{"start":{"line":12,"column":0},"end":{"line":12,"column":0}},"12":{"start":{"line":13,"column":0},"end":{"line":13,"column":44}},"13":{"start":{"line":14,"column":0},"end":{"line":14,"column":35}},"14":{"start":{"line":15,"column":0},"end":{"line":15,"column":37}},"15":{"start":{"line":16,"column":0},"end":{"line":16,"column":35}},"16":{"start":{"line":17,"column":0},"end":{"line":17,"column":46}},"17":{"start":{"line":18,"column":0},"end":{"line":18,"column":48}},"18":{"start":{"line":19,"column":0},"end":{"line":19,"column":44}},"19":{"start":{"line":20,"column":0},"end":{"line":20,"column":44}},"20":{"start":{"line":21,"column":0},"end":{"line":21,"column":54}},"21":{"start":{"line":22,"column":0},"end":{"line":22,"column":2}},"22":{"start":{"line":23,"column":0},"end":{"line":23,"column":0}},"23":{"start":{"line":24,"column":0},"end":{"line":24,"column":46}},"24":{"start":{"line":25,"column":0},"end":{"line":25,"column":0}},"25":{"start":{"line":26,"column":0},"end":{"line":26,"column":47}},"26":{"start":{"line":27,"column":0},"end":{"line":27,"column":41}},"27":{"start":{"line":28,"column":0},"end":{"line":28,"column":41}},"28":{"start":{"line":29,"column":0},"end":{"line":29,"column":31}},"29":{"start":{"line":30,"column":0},"end":{"line":30,"column":39}},"30":{"start":{"line":31,"column":0},"end":{"line":31,"column":39}},"31":{"start":{"line":32,"column":0},"end":{"line":32,"column":0}},"32":{"start":{"line":33,"column":0},"end":{"line":33,"column":20}},"33":{"start":{"line":34,"column":0},"end":{"line":34,"column":34}},"34":{"start":{"line":35,"column":0},"end":{"line":35,"column":56}},"35":{"start":{"line":36,"column":0},"end":{"line":36,"column":0}},"36":{"start":{"line":37,"column":0},"end":{"line":37,"column":32}},"37":{"start":{"line":38,"column":0},"end":{"line":38,"column":29}},"38":{"start":{"line":39,"column":0},"end":{"line":39,"column":29}},"39":{"start":{"line":40,"column":0},"end":{"line":40,"column":26}},"40":{"start":{"line":41,"column":0},"end":{"line":41,"column":29}},"41":{"start":{"line":42,"column":0},"end":{"line":42,"column":29}},"42":{"start":{"line":43,"column":0},"end":{"line":43,"column":30}},"43":{"start":{"line":44,"column":0},"end":{"line":44,"column":0}},"44":{"start":{"line":45,"column":0},"end":{"line":45,"column":17}},"45":{"start":{"line":46,"column":0},"end":{"line":46,"column":36}},"46":{"start":{"line":47,"column":0},"end":{"line":47,"column":54}},"47":{"start":{"line":48,"column":0},"end":{"line":48,"column":6}},"48":{"start":{"line":49,"column":0},"end":{"line":49,"column":79}},"49":{"start":{"line":50,"column":0},"end":{"line":50,"column":79}},"50":{"start":{"line":51,"column":0},"end":{"line":51,"column":60}},"51":{"start":{"line":52,"column":0},"end":{"line":52,"column":67}},"52":{"start":{"line":53,"column":0},"end":{"line":53,"column":67}},"53":{"start":{"line":54,"column":0},"end":{"line":54,"column":0}},"54":{"start":{"line":55,"column":0},"end":{"line":55,"column":20}},"55":{"start":{"line":56,"column":0},"end":{"line":56,"column":38}},"56":{"start":{"line":57,"column":0},"end":{"line":57,"column":3}},"57":{"start":{"line":58,"column":0},"end":{"line":58,"column":0}},"58":{"start":{"line":59,"column":0},"end":{"line":59,"column":22}},"59":{"start":{"line":60,"column":0},"end":{"line":60,"column":25}},"60":{"start":{"line":61,"column":0},"end":{"line":61,"column":22}},"61":{"start":{"line":62,"column":0},"end":{"line":62,"column":17}},"62":{"start":{"line":63,"column":0},"end":{"line":63,"column":41}},"63":{"start":{"line":64,"column":0},"end":{"line":64,"column":18}},"64":{"start":{"line":65,"column":0},"end":{"line":65,"column":7}},"65":{"start":{"line":66,"column":0},"end":{"line":66,"column":3}},"66":{"start":{"line":67,"column":0},"end":{"line":67,"column":0}},"67":{"start":{"line":68,"column":0},"end":{"line":68,"column":40}},"68":{"start":{"line":69,"column":0},"end":{"line":69,"column":25}},"69":{"start":{"line":70,"column":0},"end":{"line":70,"column":30}},"70":{"start":{"line":71,"column":0},"end":{"line":71,"column":32}},"71":{"start":{"line":72,"column":0},"end":{"line":72,"column":25}},"72":{"start":{"line":73,"column":0},"end":{"line":73,"column":7}},"73":{"start":{"line":74,"column":0},"end":{"line":74,"column":49}},"74":{"start":{"line":75,"column":0},"end":{"line":75,"column":51}},"75":{"start":{"line":76,"column":0},"end":{"line":76,"column":54}},"76":{"start":{"line":77,"column":0},"end":{"line":77,"column":6}},"77":{"start":{"line":78,"column":0},"end":{"line":78,"column":44}},"78":{"start":{"line":79,"column":0},"end":{"line":79,"column":46}},"79":{"start":{"line":80,"column":0},"end":{"line":80,"column":49}},"80":{"start":{"line":81,"column":0},"end":{"line":81,"column":3}},"81":{"start":{"line":82,"column":0},"end":{"line":82,"column":0}},"82":{"start":{"line":83,"column":0},"end":{"line":83,"column":41}},"83":{"start":{"line":84,"column":0},"end":{"line":84,"column":48}},"84":{"start":{"line":85,"column":0},"end":{"line":85,"column":48}},"85":{"start":{"line":86,"column":0},"end":{"line":86,"column":3}},"86":{"start":{"line":87,"column":0},"end":{"line":87,"column":0}},"87":{"start":{"line":88,"column":0},"end":{"line":88,"column":41}},"88":{"start":{"line":89,"column":0},"end":{"line":89,"column":48}},"89":{"start":{"line":90,"column":0},"end":{"line":90,"column":48}},"90":{"start":{"line":91,"column":0},"end":{"line":91,"column":3}},"91":{"start":{"line":92,"column":0},"end":{"line":92,"column":0}},"92":{"start":{"line":93,"column":0},"end":{"line":93,"column":40}},"93":{"start":{"line":94,"column":0},"end":{"line":94,"column":31}},"94":{"start":{"line":95,"column":0},"end":{"line":95,"column":38}},"95":{"start":{"line":96,"column":0},"end":{"line":96,"column":31}},"96":{"start":{"line":97,"column":0},"end":{"line":97,"column":43}},"97":{"start":{"line":98,"column":0},"end":{"line":98,"column":9}},"98":{"start":{"line":99,"column":0},"end":{"line":99,"column":5}},"99":{"start":{"line":100,"column":0},"end":{"line":100,"column":32}},"100":{"start":{"line":101,"column":0},"end":{"line":101,"column":3}},"101":{"start":{"line":102,"column":0},"end":{"line":102,"column":0}},"102":{"start":{"line":103,"column":0},"end":{"line":103,"column":23}},"103":{"start":{"line":104,"column":0},"end":{"line":104,"column":46}},"104":{"start":{"line":105,"column":0},"end":{"line":105,"column":30}},"105":{"start":{"line":106,"column":0},"end":{"line":106,"column":3}},"106":{"start":{"line":107,"column":0},"end":{"line":107,"column":0}},"107":{"start":{"line":108,"column":0},"end":{"line":108,"column":79}},"108":{"start":{"line":109,"column":0},"end":{"line":109,"column":22}},"109":{"start":{"line":110,"column":0},"end":{"line":110,"column":30}},"110":{"start":{"line":111,"column":0},"end":{"line":111,"column":3}},"111":{"start":{"line":112,"column":0},"end":{"line":112,"column":19}},"112":{"start":{"line":113,"column":0},"end":{"line":113,"column":27}},"113":{"start":{"line":114,"column":0},"end":{"line":114,"column":3}},"114":{"start":{"line":115,"column":0},"end":{"line":115,"column":19}},"115":{"start":{"line":116,"column":0},"end":{"line":116,"column":27}},"116":{"start":{"line":117,"column":0},"end":{"line":117,"column":3}},"117":{"start":{"line":118,"column":0},"end":{"line":118,"column":15}},"118":{"start":{"line":119,"column":0},"end":{"line":119,"column":23}},"119":{"start":{"line":120,"column":0},"end":{"line":120,"column":3}},"120":{"start":{"line":121,"column":0},"end":{"line":121,"column":18}},"121":{"start":{"line":122,"column":0},"end":{"line":122,"column":26}},"122":{"start":{"line":123,"column":0},"end":{"line":123,"column":3}},"123":{"start":{"line":124,"column":0},"end":{"line":124,"column":18}},"124":{"start":{"line":125,"column":0},"end":{"line":125,"column":26}},"125":{"start":{"line":126,"column":0},"end":{"line":126,"column":3}},"126":{"start":{"line":127,"column":0},"end":{"line":127,"column":0}},"127":{"start":{"line":128,"column":0},"end":{"line":128,"column":79}},"128":{"start":{"line":129,"column":0},"end":{"line":129,"column":30}},"129":{"start":{"line":130,"column":0},"end":{"line":130,"column":27}},"130":{"start":{"line":131,"column":0},"end":{"line":131,"column":54}},"131":{"start":{"line":132,"column":0},"end":{"line":132,"column":25}},"132":{"start":{"line":133,"column":0},"end":{"line":133,"column":3}},"133":{"start":{"line":134,"column":0},"end":{"line":134,"column":0}},"134":{"start":{"line":135,"column":0},"end":{"line":135,"column":27}},"135":{"start":{"line":136,"column":0},"end":{"line":136,"column":24}},"136":{"start":{"line":137,"column":0},"end":{"line":137,"column":51}},"137":{"start":{"line":138,"column":0},"end":{"line":138,"column":25}},"138":{"start":{"line":139,"column":0},"end":{"line":139,"column":3}},"139":{"start":{"line":140,"column":0},"end":{"line":140,"column":0}},"140":{"start":{"line":141,"column":0},"end":{"line":141,"column":27}},"141":{"start":{"line":142,"column":0},"end":{"line":142,"column":24}},"142":{"start":{"line":143,"column":0},"end":{"line":143,"column":51}},"143":{"start":{"line":144,"column":0},"end":{"line":144,"column":25}},"144":{"start":{"line":145,"column":0},"end":{"line":145,"column":3}},"145":{"start":{"line":146,"column":0},"end":{"line":146,"column":0}},"146":{"start":{"line":147,"column":0},"end":{"line":147,"column":79}},"147":{"start":{"line":148,"column":0},"end":{"line":148,"column":16}},"148":{"start":{"line":149,"column":0},"end":{"line":149,"column":31}},"149":{"start":{"line":150,"column":0},"end":{"line":150,"column":56}},"150":{"start":{"line":151,"column":0},"end":{"line":151,"column":25}},"151":{"start":{"line":152,"column":0},"end":{"line":152,"column":3}},"152":{"start":{"line":153,"column":0},"end":{"line":153,"column":0}},"153":{"start":{"line":154,"column":0},"end":{"line":154,"column":19}},"154":{"start":{"line":155,"column":0},"end":{"line":155,"column":37}},"155":{"start":{"line":156,"column":0},"end":{"line":156,"column":63}},"156":{"start":{"line":157,"column":0},"end":{"line":157,"column":25}},"157":{"start":{"line":158,"column":0},"end":{"line":158,"column":3}},"158":{"start":{"line":159,"column":0},"end":{"line":159,"column":0}},"159":{"start":{"line":160,"column":0},"end":{"line":160,"column":19}},"160":{"start":{"line":161,"column":0},"end":{"line":161,"column":37}},"161":{"start":{"line":162,"column":0},"end":{"line":162,"column":63}},"162":{"start":{"line":163,"column":0},"end":{"line":163,"column":25}},"163":{"start":{"line":164,"column":0},"end":{"line":164,"column":3}},"164":{"start":{"line":165,"column":0},"end":{"line":165,"column":0}},"165":{"start":{"line":166,"column":0},"end":{"line":166,"column":27}},"166":{"start":{"line":167,"column":0},"end":{"line":167,"column":49}},"167":{"start":{"line":168,"column":0},"end":{"line":168,"column":56}},"168":{"start":{"line":169,"column":0},"end":{"line":169,"column":49}},"169":{"start":{"line":170,"column":0},"end":{"line":170,"column":46}},"170":{"start":{"line":171,"column":0},"end":{"line":171,"column":6}},"171":{"start":{"line":172,"column":0},"end":{"line":172,"column":3}},"172":{"start":{"line":173,"column":0},"end":{"line":173,"column":1}},"173":{"start":{"line":174,"column":0},"end":{"line":174,"column":0}},"174":{"start":{"line":175,"column":0},"end":{"line":175,"column":47}}},"s":{"0":1,"1":1,"2":1,"3":1,"4":1,"5":1,"6":1,"7":1,"8":1,"9":1,"10":1,"11":1,"12":1,"13":1,"14":1,"15":1,"16":1,"17":1,"18":1,"19":1,"20":1,"21":1,"22":1,"23":1,"24":1,"25":1,"26":1,"27":1,"28":1,"29":1,"30":1,"31":1,"32":1,"33":1,"34":3,"35":3,"36":3,"37":3,"38":3,"39":3,"40":3,"41":3,"42":3,"43":1,"44":1,"45":3,"46":3,"47":3,"48":3,"49":3,"50":3,"51":3,"52":3,"53":3,"54":3,"55":3,"56":3,"57":1,"58":1,"59":3,"60":3,"61":3,"62":3,"63":3,"64":3,"65":3,"66":1,"67":1,"68":3,"69":0,"70":0,"71":0,"72":0,"73":0,"74":0,"75":0,"76":0,"77":3,"78":3,"79":3,"80":3,"81":1,"82":1,"83":3,"84":3,"85":3,"86":1,"87":1,"88":0,"89":0,"90":0,"91":1,"92":1,"93":0,"94":0,"95":0,"96":0,"97":0,"98":0,"99":0,"100":0,"101":1,"102":1,"103":0,"104":0,"105":0,"106":1,"107":1,"108":1,"109":0,"110":0,"111":1,"112":0,"113":0,"114":1,"115":0,"116":0,"117":1,"118":0,"119":0,"120":1,"121":0,"122":0,"123":1,"124":0,"125":0,"126":1,"127":1,"128":1,"129":0,"130":0,"131":0,"132":0,"133":1,"134":1,"135":0,"136":0,"137":0,"138":0,"139":1,"140":1,"141":0,"142":0,"143":0,"144":0,"145":1,"146":1,"147":1,"148":0,"149":0,"150":0,"151":0,"152":1,"153":1,"154":0,"155":0,"156":0,"157":0,"158":1,"159":1,"160":0,"161":0,"162":0,"163":0,"164":1,"165":1,"166":0,"167":0,"168":0,"169":0,"170":0,"171":0,"172":1,"173":1,"174":1},"branchMap":{"0":{"type":"branch","line":34,"loc":{"start":{"line":34,"column":10},"end":{"line":43,"column":30}},"locations":[{"start":{"line":34,"column":10},"end":{"line":43,"column":30}}]},"1":{"type":"branch","line":45,"loc":{"start":{"line":45,"column":2},"end":{"line":57,"column":3}},"locations":[{"start":{"line":45,"column":2},"end":{"line":57,"column":3}}]},"2":{"type":"branch","line":59,"loc":{"start":{"line":59,"column":10},"end":{"line":66,"column":3}},"locations":[{"start":{"line":59,"column":10},"end":{"line":66,"column":3}}]},"3":{"type":"branch","line":68,"loc":{"start":{"line":68,"column":10},"end":{"line":81,"column":3}},"locations":[{"start":{"line":68,"column":10},"end":{"line":81,"column":3}}]},"4":{"type":"branch","line":83,"loc":{"start":{"line":83,"column":10},"end":{"line":86,"column":3}},"locations":[{"start":{"line":83,"column":10},"end":{"line":86,"column":3}}]},"5":{"type":"branch","line":84,"loc":{"start":{"line":84,"column":39},"end":{"line":84,"column":48}},"locations":[{"start":{"line":84,"column":39},"end":{"line":84,"column":48}}]}},"b":{"0":[3],"1":[3],"2":[3],"3":[3],"4":[3],"5":[0]},"fnMap":{"0":{"name":"<instance_members_initializer>","decl":{"start":{"line":34,"column":10},"end":{"line":43,"column":30}},"loc":{"start":{"line":34,"column":10},"end":{"line":43,"column":30}},"line":34},"1":{"name":"SoundService","decl":{"start":{"line":45,"column":2},"end":{"line":57,"column":3}},"loc":{"start":{"line":45,"column":2},"end":{"line":57,"column":3}},"line":45},"2":{"name":"_initBgm","decl":{"start":{"line":59,"column":10},"end":{"line":66,"column":3}},"loc":{"start":{"line":59,"column":10},"end":{"line":66,"column":3}},"line":59},"3":{"name":"_listenForFirstInteraction","decl":{"start":{"line":68,"column":10},"end":{"line":81,"column":3}},"loc":{"start":{"line":68,"column":10},"end":{"line":81,"column":3}},"line":68},"4":{"name":"start","decl":{"start":{"line":69,"column":18},"end":{"line":77,"column":6}},"loc":{"start":{"line":69,"column":18},"end":{"line":77,"column":6}},"line":69},"5":{"name":"_bgmEffectiveVolume","decl":{"start":{"line":83,"column":10},"end":{"line":86,"column":3}},"loc":{"start":{"line":83,"column":10},"end":{"line":86,"column":3}},"line":83},"6":{"name":"_sfxEffectiveVolume","decl":{"start":{"line":88,"column":10},"end":{"line":91,"column":3}},"loc":{"start":{"line":88,"column":10},"end":{"line":91,"column":3}},"line":88},"7":{"name":"_getSfx","decl":{"start":{"line":93,"column":10},"end":{"line":101,"column":3}},"loc":{"start":{"line":93,"column":10},"end":{"line":101,"column":3}},"line":93},"8":{"name":"play","decl":{"start":{"line":103,"column":2},"end":{"line":106,"column":3}},"loc":{"start":{"line":103,"column":2},"end":{"line":106,"column":3}},"line":103},"9":{"name":"get masterVolume","decl":{"start":{"line":109,"column":2},"end":{"line":111,"column":3}},"loc":{"start":{"line":109,"column":2},"end":{"line":111,"column":3}},"line":109},"10":{"name":"get bgmVolume","decl":{"start":{"line":112,"column":2},"end":{"line":114,"column":3}},"loc":{"start":{"line":112,"column":2},"end":{"line":114,"column":3}},"line":112},"11":{"name":"get sfxVolume","decl":{"start":{"line":115,"column":2},"end":{"line":117,"column":3}},"loc":{"start":{"line":115,"column":2},"end":{"line":117,"column":3}},"line":115},"12":{"name":"get muted","decl":{"start":{"line":118,"column":2},"end":{"line":120,"column":3}},"loc":{"start":{"line":118,"column":2},"end":{"line":120,"column":3}},"line":118},"13":{"name":"get bgmMuted","decl":{"start":{"line":121,"column":2},"end":{"line":123,"column":3}},"loc":{"start":{"line":121,"column":2},"end":{"line":123,"column":3}},"line":121},"14":{"name":"get sfxMuted","decl":{"start":{"line":124,"column":2},"end":{"line":126,"column":3}},"loc":{"start":{"line":124,"column":2},"end":{"line":126,"column":3}},"line":124},"15":{"name":"setMasterVolume","decl":{"start":{"line":129,"column":2},"end":{"line":133,"column":3}},"loc":{"start":{"line":129,"column":2},"end":{"line":133,"column":3}},"line":129},"16":{"name":"setBgmVolume","decl":{"start":{"line":135,"column":2},"end":{"line":139,"column":3}},"loc":{"start":{"line":135,"column":2},"end":{"line":139,"column":3}},"line":135},"17":{"name":"setSfxVolume","decl":{"start":{"line":141,"column":2},"end":{"line":145,"column":3}},"loc":{"start":{"line":141,"column":2},"end":{"line":145,"column":3}},"line":141},"18":{"name":"toggleMute","decl":{"start":{"line":148,"column":2},"end":{"line":152,"column":3}},"loc":{"start":{"line":148,"column":2},"end":{"line":152,"column":3}},"line":148},"19":{"name":"toggleBgmMute","decl":{"start":{"line":154,"column":2},"end":{"line":158,"column":3}},"loc":{"start":{"line":154,"column":2},"end":{"line":158,"column":3}},"line":154},"20":{"name":"toggleSfxMute","decl":{"start":{"line":160,"column":2},"end":{"line":164,"column":3}},"loc":{"start":{"line":160,"column":2},"end":{"line":164,"column":3}},"line":160},"21":{"name":"_applyVolumes","decl":{"start":{"line":166,"column":10},"end":{"line":172,"column":3}},"loc":{"start":{"line":166,"column":10},"end":{"line":172,"column":3}},"line":166}},"f":{"0":3,"1":3,"2":3,"3":3,"4":0,"5":3,"6":0,"7":0,"8":0,"9":0,"10":0,"11":0,"12":0,"13":0,"14":0,"15":0,"16":0,"17":0,"18":0,"19":0,"20":0,"21":0}}
,"C:\\Users\\Sasha\\OneDrive\\Bureau\\code\\tcg-frontend\\src\\stores\\audioStore.ts": {"path":"C:\\Users\\Sasha\\OneDrive\\Bureau\\code\\tcg-frontend\\src\\stores\\audioStore.ts","all":false,"statementMap":{"0":{"start":{"line":1,"column":0},"end":{"line":1,"column":3}},"1":{"start":{"line":2,"column":0},"end":{"line":2,"column":55}},"2":{"start":{"line":3,"column":0},"end":{"line":3,"column":55}},"3":{"start":{"line":4,"column":0},"end":{"line":4,"column":51}},"4":{"start":{"line":5,"column":0},"end":{"line":5,"column":2}},"5":{"start":{"line":6,"column":0},"end":{"line":6,"column":84}},"6":{"start":{"line":7,"column":0},"end":{"line":7,"column":77}},"7":{"start":{"line":8,"column":0},"end":{"line":8,"column":3}},"8":{"start":{"line":9,"column":0},"end":{"line":9,"column":0}},"9":{"start":{"line":10,"column":0},"end":{"line":10,"column":33}},"10":{"start":{"line":11,"column":0},"end":{"line":11,"column":45}},"11":{"start":{"line":12,"column":0},"end":{"line":12,"column":57}},"12":{"start":{"line":13,"column":0},"end":{"line":13,"column":57}},"13":{"start":{"line":14,"column":0},"end":{"line":14,"column":0}},"14":{"start":{"line":15,"column":0},"end":{"line":15,"column":34}},"15":{"start":{"line":16,"column":0},"end":{"line":16,"column":28}},"16":{"start":{"line":17,"column":0},"end":{"line":17,"column":23}},"17":{"start":{"line":18,"column":0},"end":{"line":18,"column":20}},"18":{"start":{"line":19,"column":0},"end":{"line":19,"column":20}},"19":{"start":{"line":20,"column":0},"end":{"line":20,"column":0}},"20":{"start":{"line":21,"column":0},"end":{"line":21,"column":16}},"21":{"start":{"line":22,"column":0},"end":{"line":22,"column":25}},"22":{"start":{"line":23,"column":0},"end":{"line":23,"column":22}},"23":{"start":{"line":24,"column":0},"end":{"line":24,"column":22}},"24":{"start":{"line":25,"column":0},"end":{"line":25,"column":0}},"25":{"start":{"line":26,"column":0},"end":{"line":26,"column":12}},"26":{"start":{"line":27,"column":0},"end":{"line":27,"column":44}},"27":{"start":{"line":28,"column":0},"end":{"line":28,"column":41}},"28":{"start":{"line":29,"column":0},"end":{"line":29,"column":41}},"29":{"start":{"line":30,"column":0},"end":{"line":30,"column":0}},"30":{"start":{"line":31,"column":0},"end":{"line":31,"column":24}},"31":{"start":{"line":32,"column":0},"end":{"line":32,"column":31}},"32":{"start":{"line":33,"column":0},"end":{"line":33,"column":28}},"33":{"start":{"line":34,"column":0},"end":{"line":34,"column":28}},"34":{"start":{"line":35,"column":0},"end":{"line":35,"column":43}},"35":{"start":{"line":36,"column":0},"end":{"line":36,"column":40}},"36":{"start":{"line":37,"column":0},"end":{"line":37,"column":40}},"37":{"start":{"line":38,"column":0},"end":{"line":38,"column":0}},"38":{"start":{"line":39,"column":0},"end":{"line":39,"column":19}},"39":{"start":{"line":40,"column":0},"end":{"line":40,"column":35}},"40":{"start":{"line":41,"column":0},"end":{"line":41,"column":0}},"41":{"start":{"line":42,"column":0},"end":{"line":42,"column":22}},"42":{"start":{"line":43,"column":0},"end":{"line":43,"column":33}},"43":{"start":{"line":44,"column":0},"end":{"line":44,"column":1}},"44":{"start":{"line":45,"column":0},"end":{"line":45,"column":0}},"45":{"start":{"line":46,"column":0},"end":{"line":46,"column":22}},"46":{"start":{"line":47,"column":0},"end":{"line":47,"column":19}},"47":{"start":{"line":48,"column":0},"end":{"line":48,"column":16}},"48":{"start":{"line":49,"column":0},"end":{"line":49,"column":16}},"49":{"start":{"line":50,"column":0},"end":{"line":50,"column":23}},"50":{"start":{"line":51,"column":0},"end":{"line":51,"column":20}},"51":{"start":{"line":52,"column":0},"end":{"line":52,"column":20}},"52":{"start":{"line":53,"column":0},"end":{"line":53,"column":2}},"53":{"start":{"line":54,"column":0},"end":{"line":54,"column":0}},"54":{"start":{"line":55,"column":0},"end":{"line":55,"column":55}},"55":{"start":{"line":56,"column":0},"end":{"line":56,"column":10}},"56":{"start":{"line":57,"column":0},"end":{"line":57,"column":15}},"57":{"start":{"line":58,"column":0},"end":{"line":58,"column":22}},"58":{"start":{"line":59,"column":0},"end":{"line":59,"column":0}},"59":{"start":{"line":60,"column":0},"end":{"line":60,"column":36}},"60":{"start":{"line":61,"column":0},"end":{"line":61,"column":53}},"61":{"start":{"line":62,"column":0},"end":{"line":62,"column":70}},"62":{"start":{"line":63,"column":0},"end":{"line":63,"column":33}},"63":{"start":{"line":64,"column":0},"end":{"line":64,"column":8}},"64":{"start":{"line":65,"column":0},"end":{"line":65,"column":33}},"65":{"start":{"line":66,"column":0},"end":{"line":66,"column":53}},"66":{"start":{"line":67,"column":0},"end":{"line":67,"column":67}},"67":{"start":{"line":68,"column":0},"end":{"line":68,"column":30}},"68":{"start":{"line":69,"column":0},"end":{"line":69,"column":8}},"69":{"start":{"line":70,"column":0},"end":{"line":70,"column":33}},"70":{"start":{"line":71,"column":0},"end":{"line":71,"column":53}},"71":{"start":{"line":72,"column":0},"end":{"line":72,"column":67}},"72":{"start":{"line":73,"column":0},"end":{"line":73,"column":30}},"73":{"start":{"line":74,"column":0},"end":{"line":74,"column":8}},"74":{"start":{"line":75,"column":0},"end":{"line":75,"column":0}},"75":{"start":{"line":76,"column":0},"end":{"line":76,"column":29}},"76":{"start":{"line":77,"column":0},"end":{"line":77,"column":24}},"77":{"start":{"line":78,"column":0},"end":{"line":78,"column":48}},"78":{"start":{"line":79,"column":0},"end":{"line":79,"column":36}},"79":{"start":{"line":80,"column":0},"end":{"line":80,"column":45}},"80":{"start":{"line":81,"column":0},"end":{"line":81,"column":11}},"81":{"start":{"line":82,"column":0},"end":{"line":82,"column":26}},"82":{"start":{"line":83,"column":0},"end":{"line":83,"column":24}},"83":{"start":{"line":84,"column":0},"end":{"line":84,"column":45}},"84":{"start":{"line":85,"column":0},"end":{"line":85,"column":39}},"85":{"start":{"line":86,"column":0},"end":{"line":86,"column":42}},"86":{"start":{"line":87,"column":0},"end":{"line":87,"column":11}},"87":{"start":{"line":88,"column":0},"end":{"line":88,"column":26}},"88":{"start":{"line":89,"column":0},"end":{"line":89,"column":24}},"89":{"start":{"line":90,"column":0},"end":{"line":90,"column":45}},"90":{"start":{"line":91,"column":0},"end":{"line":91,"column":39}},"91":{"start":{"line":92,"column":0},"end":{"line":92,"column":42}},"92":{"start":{"line":93,"column":0},"end":{"line":93,"column":11}},"93":{"start":{"line":94,"column":0},"end":{"line":94,"column":0}},"94":{"start":{"line":95,"column":0},"end":{"line":95,"column":34}},"95":{"start":{"line":96,"column":0},"end":{"line":96,"column":43}},"96":{"start":{"line":97,"column":0},"end":{"line":97,"column":36}},"97":{"start":{"line":98,"column":0},"end":{"line":98,"column":9}},"98":{"start":{"line":99,"column":0},"end":{"line":99,"column":38}},"99":{"start":{"line":100,"column":0},"end":{"line":100,"column":8}},"100":{"start":{"line":101,"column":0},"end":{"line":101,"column":31}},"101":{"start":{"line":102,"column":0},"end":{"line":102,"column":46}},"102":{"start":{"line":103,"column":0},"end":{"line":103,"column":39}},"103":{"start":{"line":104,"column":0},"end":{"line":104,"column":9}},"104":{"start":{"line":105,"column":0},"end":{"line":105,"column":35}},"105":{"start":{"line":106,"column":0},"end":{"line":106,"column":8}},"106":{"start":{"line":107,"column":0},"end":{"line":107,"column":31}},"107":{"start":{"line":108,"column":0},"end":{"line":108,"column":46}},"108":{"start":{"line":109,"column":0},"end":{"line":109,"column":39}},"109":{"start":{"line":110,"column":0},"end":{"line":110,"column":9}},"110":{"start":{"line":111,"column":0},"end":{"line":111,"column":35}},"111":{"start":{"line":112,"column":0},"end":{"line":112,"column":8}},"112":{"start":{"line":113,"column":0},"end":{"line":113,"column":0}},"113":{"start":{"line":114,"column":0},"end":{"line":114,"column":26}},"114":{"start":{"line":115,"column":0},"end":{"line":115,"column":32}},"115":{"start":{"line":116,"column":0},"end":{"line":116,"column":8}},"116":{"start":{"line":117,"column":0},"end":{"line":117,"column":0}},"117":{"start":{"line":118,"column":0},"end":{"line":118,"column":33}},"118":{"start":{"line":119,"column":0},"end":{"line":119,"column":26}},"119":{"start":{"line":120,"column":0},"end":{"line":120,"column":70}},"120":{"start":{"line":121,"column":0},"end":{"line":121,"column":64}},"121":{"start":{"line":122,"column":0},"end":{"line":122,"column":64}},"122":{"start":{"line":123,"column":0},"end":{"line":123,"column":8}},"123":{"start":{"line":124,"column":0},"end":{"line":124,"column":7}},"124":{"start":{"line":125,"column":0},"end":{"line":125,"column":5}},"125":{"start":{"line":126,"column":0},"end":{"line":126,"column":46}},"126":{"start":{"line":127,"column":0},"end":{"line":127,"column":17}},"127":{"start":{"line":128,"column":0},"end":{"line":128,"column":5}},"128":{"start":{"line":129,"column":0},"end":{"line":129,"column":3}},"129":{"start":{"line":130,"column":0},"end":{"line":130,"column":2}}},"s":{"0":1,"1":1,"2":1,"3":1,"4":1,"5":1,"6":1,"7":1,"8":1,"9":1,"10":1,"11":1,"12":1,"13":1,"14":1,"15":1,"16":1,"17":1,"18":1,"19":1,"20":1,"21":1,"22":1,"23":1,"24":1,"25":1,"26":1,"27":1,"28":1,"29":1,"30":1,"31":1,"32":1,"33":1,"34":1,"35":1,"36":1,"37":1,"38":1,"39":1,"40":1,"41":1,"42":1,"43":1,"44":1,"45":1,"46":1,"47":1,"48":1,"49":1,"50":1,"51":1,"52":1,"53":1,"54":1,"55":1,"56":1,"57":4,"58":4,"59":4,"60":8,"61":8,"62":8,"63":8,"64":4,"65":3,"66":3,"67":3,"68":3,"69":4,"70":3,"71":3,"72":3,"73":3,"74":4,"75":4,"76":4,"77":4,"78":4,"79":4,"80":4,"81":4,"82":1,"83":1,"84":1,"85":1,"86":1,"87":4,"88":1,"89":1,"90":1,"91":1,"92":1,"93":4,"94":4,"95":2,"96":1,"97":1,"98":2,"99":2,"100":4,"101":1,"102":1,"103":1,"104":1,"105":1,"106":4,"107":1,"108":1,"109":1,"110":1,"111":1,"112":4,"113":4,"114":1,"115":1,"116":4,"117":4,"118":1,"119":1,"120":1,"121":1,"122":1,"123":4,"124":1,"125":1,"126":1,"127":1,"128":1,"129":1},"branchMap":{"0":{"type":"branch","line":57,"loc":{"start":{"line":57,"column":4},"end":{"line":124,"column":7}},"locations":[{"start":{"line":57,"column":4},"end":{"line":124,"column":7}}]},"1":{"type":"branch","line":60,"loc":{"start":{"line":60,"column":23},"end":{"line":64,"column":8}},"locations":[{"start":{"line":60,"column":23},"end":{"line":64,"column":8}}]},"2":{"type":"branch","line":65,"loc":{"start":{"line":65,"column":20},"end":{"line":69,"column":8}},"locations":[{"start":{"line":65,"column":20},"end":{"line":69,"column":8}}]},"3":{"type":"branch","line":70,"loc":{"start":{"line":70,"column":20},"end":{"line":74,"column":8}},"locations":[{"start":{"line":70,"column":20},"end":{"line":74,"column":8}}]},"4":{"type":"branch","line":76,"loc":{"start":{"line":76,"column":24},"end":{"line":81,"column":11}},"locations":[{"start":{"line":76,"column":24},"end":{"line":81,"column":11}}]},"5":{"type":"branch","line":77,"loc":{"start":{"line":77,"column":12},"end":{"line":81,"column":9}},"locations":[{"start":{"line":77,"column":12},"end":{"line":81,"column":9}}]},"6":{"type":"branch","line":82,"loc":{"start":{"line":82,"column":21},"end":{"line":87,"column":11}},"locations":[{"start":{"line":82,"column":21},"end":{"line":87,"column":11}}]},"7":{"type":"branch","line":83,"loc":{"start":{"line":83,"column":12},"end":{"line":87,"column":9}},"locations":[{"start":{"line":83,"column":12},"end":{"line":87,"column":9}}]},"8":{"type":"branch","line":88,"loc":{"start":{"line":88,"column":21},"end":{"line":93,"column":11}},"locations":[{"start":{"line":88,"column":21},"end":{"line":93,"column":11}}]},"9":{"type":"branch","line":89,"loc":{"start":{"line":89,"column":12},"end":{"line":93,"column":9}},"locations":[{"start":{"line":89,"column":12},"end":{"line":93,"column":9}}]},"10":{"type":"branch","line":95,"loc":{"start":{"line":95,"column":22},"end":{"line":100,"column":8}},"locations":[{"start":{"line":95,"column":22},"end":{"line":100,"column":8}}]},"11":{"type":"branch","line":96,"loc":{"start":{"line":96,"column":42},"end":{"line":98,"column":9}},"locations":[{"start":{"line":96,"column":42},"end":{"line":98,"column":9}}]},"12":{"type":"branch","line":101,"loc":{"start":{"line":101,"column":19},"end":{"line":106,"column":8}},"locations":[{"start":{"line":101,"column":19},"end":{"line":106,"column":8}}]},"13":{"type":"branch","line":107,"loc":{"start":{"line":107,"column":19},"end":{"line":112,"column":8}},"locations":[{"start":{"line":107,"column":19},"end":{"line":112,"column":8}}]},"14":{"type":"branch","line":114,"loc":{"start":{"line":114,"column":15},"end":{"line":116,"column":8}},"locations":[{"start":{"line":114,"column":15},"end":{"line":116,"column":8}}]},"15":{"type":"branch","line":118,"loc":{"start":{"line":118,"column":26},"end":{"line":123,"column":8}},"locations":[{"start":{"line":118,"column":26},"end":{"line":123,"column":8}}]}},"b":{"0":[4],"1":[8],"2":[3],"3":[3],"4":[4],"5":[4],"6":[1],"7":[1],"8":[1],"9":[1],"10":[2],"11":[1],"12":[1],"13":[1],"14":[1],"15":[1]},"fnMap":{"0":{"name":"__vite_ssr_import_0__.create.__vite_ssr_import_1__.persist.name","decl":{"start":{"line":57,"column":4},"end":{"line":124,"column":7}},"loc":{"start":{"line":57,"column":4},"end":{"line":124,"column":7}},"line":57},"1":{"name":"setMasterVolume","decl":{"start":{"line":60,"column":23},"end":{"line":64,"column":8}},"loc":{"start":{"line":60,"column":23},"end":{"line":64,"column":8}},"line":60},"2":{"name":"setBgmVolume","decl":{"start":{"line":65,"column":20},"end":{"line":69,"column":8}},"loc":{"start":{"line":65,"column":20},"end":{"line":69,"column":8}},"line":65},"3":{"name":"setSfxVolume","decl":{"start":{"line":70,"column":20},"end":{"line":74,"column":8}},"loc":{"start":{"line":70,"column":20},"end":{"line":74,"column":8}},"line":70},"4":{"name":"toggleMasterMute","decl":{"start":{"line":76,"column":24},"end":{"line":81,"column":11}},"loc":{"start":{"line":76,"column":24},"end":{"line":81,"column":11}},"line":76},"5":{"name":"toggleBgmMute","decl":{"start":{"line":82,"column":21},"end":{"line":87,"column":11}},"loc":{"start":{"line":82,"column":21},"end":{"line":87,"column":11}},"line":82},"6":{"name":"toggleSfxMute","decl":{"start":{"line":88,"column":21},"end":{"line":93,"column":11}},"loc":{"start":{"line":88,"column":21},"end":{"line":93,"column":11}},"line":88},"7":{"name":"setMasterMuted","decl":{"start":{"line":95,"column":22},"end":{"line":100,"column":8}},"loc":{"start":{"line":95,"column":22},"end":{"line":100,"column":8}},"line":95},"8":{"name":"setBgmMuted","decl":{"start":{"line":101,"column":19},"end":{"line":106,"column":8}},"loc":{"start":{"line":101,"column":19},"end":{"line":106,"column":8}},"line":101},"9":{"name":"setSfxMuted","decl":{"start":{"line":107,"column":19},"end":{"line":112,"column":8}},"loc":{"start":{"line":107,"column":19},"end":{"line":112,"column":8}},"line":107},"10":{"name":"playSfx","decl":{"start":{"line":114,"column":15},"end":{"line":116,"column":8}},"loc":{"start":{"line":114,"column":15},"end":{"line":116,"column":8}},"line":114},"11":{"name":"resetAudioSettings","decl":{"start":{"line":118,"column":26},"end":{"line":123,"column":8}},"loc":{"start":{"line":118,"column":26},"end":{"line":123,"column":8}},"line":118}},"f":{"0":4,"1":8,"2":3,"3":3,"4":4,"5":1,"6":1,"7":2,"8":1,"9":1,"10":1,"11":1}}
,"C:\\Users\\Sasha\\OneDrive\\Bureau\\code\\tcg-frontend\\src\\stores\\bundleManagerStore.ts": {"path":"C:\\Users\\Sasha\\OneDrive\\Bureau\\code\\tcg-frontend\\src\\stores\\bundleManagerStore.ts","all":false,"statementMap":{"0":{"start":{"line":1,"column":0},"end":{"line":1,"column":3}},"1":{"start":{"line":2,"column":0},"end":{"line":2,"column":56}},"2":{"start":{"line":3,"column":0},"end":{"line":3,"column":35}},"3":{"start":{"line":4,"column":0},"end":{"line":4,"column":3}},"4":{"start":{"line":5,"column":0},"end":{"line":5,"column":0}},"5":{"start":{"line":6,"column":0},"end":{"line":6,"column":33}},"6":{"start":{"line":7,"column":0},"end":{"line":7,"column":0}},"7":{"start":{"line":8,"column":0},"end":{"line":8,"column":29}},"8":{"start":{"line":9,"column":0},"end":{"line":9,"column":22}},"9":{"start":{"line":10,"column":0},"end":{"line":10,"column":20}},"10":{"start":{"line":11,"column":0},"end":{"line":11,"column":19}},"11":{"start":{"line":12,"column":0},"end":{"line":12,"column":1}},"12":{"start":{"line":13,"column":0},"end":{"line":13,"column":0}},"13":{"start":{"line":14,"column":0},"end":{"line":14,"column":29}},"14":{"start":{"line":15,"column":0},"end":{"line":15,"column":15}},"15":{"start":{"line":16,"column":0},"end":{"line":16,"column":22}},"16":{"start":{"line":17,"column":0},"end":{"line":17,"column":16}},"17":{"start":{"line":18,"column":0},"end":{"line":18,"column":22}},"18":{"start":{"line":19,"column":0},"end":{"line":19,"column":1}},"19":{"start":{"line":20,"column":0},"end":{"line":20,"column":0}},"20":{"start":{"line":21,"column":0},"end":{"line":21,"column":37}},"21":{"start":{"line":22,"column":0},"end":{"line":22,"column":15}},"22":{"start":{"line":23,"column":0},"end":{"line":23,"column":17}},"23":{"start":{"line":24,"column":0},"end":{"line":24,"column":15}},"24":{"start":{"line":25,"column":0},"end":{"line":25,"column":16}},"25":{"start":{"line":26,"column":0},"end":{"line":26,"column":19}},"26":{"start":{"line":27,"column":0},"end":{"line":27,"column":16}},"27":{"start":{"line":28,"column":0},"end":{"line":28,"column":18}},"28":{"start":{"line":29,"column":0},"end":{"line":29,"column":0}},"29":{"start":{"line":30,"column":0},"end":{"line":30,"column":16}},"30":{"start":{"line":31,"column":0},"end":{"line":31,"column":24}},"31":{"start":{"line":32,"column":0},"end":{"line":32,"column":15}},"32":{"start":{"line":33,"column":0},"end":{"line":33,"column":22}},"33":{"start":{"line":34,"column":0},"end":{"line":34,"column":19}},"34":{"start":{"line":35,"column":0},"end":{"line":35,"column":0}},"35":{"start":{"line":36,"column":0},"end":{"line":36,"column":12}},"36":{"start":{"line":37,"column":0},"end":{"line":37,"column":39}},"37":{"start":{"line":38,"column":0},"end":{"line":38,"column":34}},"38":{"start":{"line":39,"column":0},"end":{"line":39,"column":36}},"39":{"start":{"line":40,"column":0},"end":{"line":40,"column":41}},"40":{"start":{"line":41,"column":0},"end":{"line":41,"column":36}},"41":{"start":{"line":42,"column":0},"end":{"line":42,"column":39}},"42":{"start":{"line":43,"column":0},"end":{"line":43,"column":0}},"43":{"start":{"line":44,"column":0},"end":{"line":44,"column":27}},"44":{"start":{"line":45,"column":0},"end":{"line":45,"column":27}},"45":{"start":{"line":46,"column":0},"end":{"line":46,"column":34}},"46":{"start":{"line":47,"column":0},"end":{"line":47,"column":23}},"47":{"start":{"line":48,"column":0},"end":{"line":48,"column":23}},"48":{"start":{"line":49,"column":0},"end":{"line":49,"column":0}},"49":{"start":{"line":50,"column":0},"end":{"line":50,"column":43}},"50":{"start":{"line":51,"column":0},"end":{"line":51,"column":50}},"51":{"start":{"line":52,"column":0},"end":{"line":52,"column":24}},"52":{"start":{"line":53,"column":0},"end":{"line":53,"column":0}},"53":{"start":{"line":54,"column":0},"end":{"line":54,"column":20}},"54":{"start":{"line":55,"column":0},"end":{"line":55,"column":1}},"55":{"start":{"line":56,"column":0},"end":{"line":56,"column":0}},"56":{"start":{"line":57,"column":0},"end":{"line":57,"column":33}},"57":{"start":{"line":58,"column":0},"end":{"line":58,"column":11}},"58":{"start":{"line":59,"column":0},"end":{"line":59,"column":18}},"59":{"start":{"line":60,"column":0},"end":{"line":60,"column":11}},"60":{"start":{"line":61,"column":0},"end":{"line":61,"column":12}},"61":{"start":{"line":62,"column":0},"end":{"line":62,"column":2}},"62":{"start":{"line":63,"column":0},"end":{"line":63,"column":0}},"63":{"start":{"line":64,"column":0},"end":{"line":64,"column":22}},"64":{"start":{"line":65,"column":0},"end":{"line":65,"column":14}},"65":{"start":{"line":66,"column":0},"end":{"line":66,"column":10}},"66":{"start":{"line":67,"column":0},"end":{"line":67,"column":11}},"67":{"start":{"line":68,"column":0},"end":{"line":68,"column":16}},"68":{"start":{"line":69,"column":0},"end":{"line":69,"column":12}},"69":{"start":{"line":70,"column":0},"end":{"line":70,"column":16}},"70":{"start":{"line":71,"column":0},"end":{"line":71,"column":24}},"71":{"start":{"line":72,"column":0},"end":{"line":72,"column":10}},"72":{"start":{"line":73,"column":0},"end":{"line":73,"column":16}},"73":{"start":{"line":74,"column":0},"end":{"line":74,"column":20}},"74":{"start":{"line":75,"column":0},"end":{"line":75,"column":2}},"75":{"start":{"line":76,"column":0},"end":{"line":76,"column":0}},"76":{"start":{"line":77,"column":0},"end":{"line":77,"column":75}},"77":{"start":{"line":78,"column":0},"end":{"line":78,"column":18}},"78":{"start":{"line":79,"column":0},"end":{"line":79,"column":0}},"79":{"start":{"line":80,"column":0},"end":{"line":80,"column":44}},"80":{"start":{"line":81,"column":0},"end":{"line":81,"column":35}},"81":{"start":{"line":82,"column":0},"end":{"line":82,"column":38}},"82":{"start":{"line":83,"column":0},"end":{"line":83,"column":44}},"83":{"start":{"line":84,"column":0},"end":{"line":84,"column":38}},"84":{"start":{"line":85,"column":0},"end":{"line":85,"column":41}},"85":{"start":{"line":86,"column":0},"end":{"line":86,"column":0}},"86":{"start":{"line":87,"column":0},"end":{"line":87,"column":87}},"87":{"start":{"line":88,"column":0},"end":{"line":88,"column":44}},"88":{"start":{"line":89,"column":0},"end":{"line":89,"column":35}},"89":{"start":{"line":90,"column":0},"end":{"line":90,"column":61}},"90":{"start":{"line":91,"column":0},"end":{"line":91,"column":74}},"91":{"start":{"line":92,"column":0},"end":{"line":92,"column":0}},"92":{"start":{"line":93,"column":0},"end":{"line":93,"column":51}},"93":{"start":{"line":94,"column":0},"end":{"line":94,"column":31}},"94":{"start":{"line":95,"column":0},"end":{"line":95,"column":21}},"95":{"start":{"line":96,"column":0},"end":{"line":96,"column":46}},"96":{"start":{"line":97,"column":0},"end":{"line":97,"column":8}},"97":{"start":{"line":98,"column":0},"end":{"line":98,"column":61}},"98":{"start":{"line":99,"column":0},"end":{"line":99,"column":0}},"99":{"start":{"line":100,"column":0},"end":{"line":100,"column":33}},"100":{"start":{"line":101,"column":0},"end":{"line":101,"column":4}}},"s":{"0":1,"1":1,"2":1,"3":1,"4":1,"5":1,"6":1,"7":1,"8":1,"9":1,"10":1,"11":1,"12":1,"13":1,"14":1,"15":1,"16":1,"17":1,"18":1,"19":1,"20":1,"21":1,"22":1,"23":1,"24":1,"25":1,"26":1,"27":1,"28":1,"29":1,"30":1,"31":1,"32":1,"33":1,"34":1,"35":1,"36":1,"37":1,"38":1,"39":1,"40":1,"41":1,"42":1,"43":1,"44":1,"45":1,"46":1,"47":1,"48":1,"49":1,"50":1,"51":1,"52":1,"53":1,"54":1,"55":1,"56":1,"57":1,"58":1,"59":1,"60":1,"61":1,"62":1,"63":1,"64":1,"65":1,"66":1,"67":1,"68":1,"69":1,"70":1,"71":1,"72":1,"73":1,"74":1,"75":1,"76":1,"77":4,"78":4,"79":4,"80":4,"81":4,"82":4,"83":4,"84":4,"85":4,"86":4,"87":4,"88":4,"89":4,"90":4,"91":4,"92":4,"93":4,"94":0,"95":0,"96":0,"97":4,"98":4,"99":4,"100":1},"branchMap":{"0":{"type":"branch","line":77,"loc":{"start":{"line":77,"column":64},"end":{"line":101,"column":2}},"locations":[{"start":{"line":77,"column":64},"end":{"line":101,"column":2}}]}},"b":{"0":[4]},"fnMap":{"0":{"name":"setBundles","decl":{"start":{"line":80,"column":14},"end":{"line":80,"column":44}},"loc":{"start":{"line":80,"column":14},"end":{"line":80,"column":44}},"line":80},"1":{"name":"setPage","decl":{"start":{"line":81,"column":11},"end":{"line":81,"column":35}},"loc":{"start":{"line":81,"column":11},"end":{"line":81,"column":35}},"line":81},"2":{"name":"setTotal","decl":{"start":{"line":82,"column":12},"end":{"line":82,"column":38}},"loc":{"start":{"line":82,"column":12},"end":{"line":82,"column":38}},"line":82},"3":{"name":"setLoading","decl":{"start":{"line":83,"column":14},"end":{"line":83,"column":44}},"loc":{"start":{"line":83,"column":14},"end":{"line":83,"column":44}},"line":83},"4":{"name":"setError","decl":{"start":{"line":84,"column":12},"end":{"line":84,"column":38}},"loc":{"start":{"line":84,"column":12},"end":{"line":84,"column":38}},"line":84},"5":{"name":"setSaving","decl":{"start":{"line":85,"column":13},"end":{"line":85,"column":41}},"loc":{"start":{"line":85,"column":13},"end":{"line":85,"column":41}},"line":85},"6":{"name":"switchToList","decl":{"start":{"line":87,"column":16},"end":{"line":87,"column":87}},"loc":{"start":{"line":87,"column":16},"end":{"line":87,"column":87}},"line":87},"7":{"name":"switchToEdit","decl":{"start":{"line":88,"column":16},"end":{"line":88,"column":44}},"loc":{"start":{"line":88,"column":16},"end":{"line":88,"column":44}},"line":88},"8":{"name":"setStep","decl":{"start":{"line":89,"column":11},"end":{"line":89,"column":35}},"loc":{"start":{"line":89,"column":11},"end":{"line":89,"column":35}},"line":89},"9":{"name":"nextStep","decl":{"start":{"line":90,"column":12},"end":{"line":90,"column":61}},"loc":{"start":{"line":90,"column":12},"end":{"line":90,"column":61}},"line":90},"10":{"name":"prevStep","decl":{"start":{"line":91,"column":12},"end":{"line":91,"column":74}},"loc":{"start":{"line":91,"column":12},"end":{"line":91,"column":74}},"line":91},"11":{"name":"setEditing","decl":{"start":{"line":93,"column":14},"end":{"line":93,"column":51}},"loc":{"start":{"line":93,"column":14},"end":{"line":93,"column":51}},"line":93},"12":{"name":"updateForm","decl":{"start":{"line":94,"column":14},"end":{"line":97,"column":8}},"loc":{"start":{"line":94,"column":14},"end":{"line":97,"column":8}},"line":94},"13":{"name":"resetForm","decl":{"start":{"line":98,"column":13},"end":{"line":98,"column":61}},"loc":{"start":{"line":98,"column":13},"end":{"line":98,"column":61}},"line":98},"14":{"name":"reset","decl":{"start":{"line":100,"column":9},"end":{"line":100,"column":33}},"loc":{"start":{"line":100,"column":9},"end":{"line":100,"column":33}},"line":100}},"f":{"0":0,"1":0,"2":0,"3":0,"4":0,"5":0,"6":0,"7":0,"8":0,"9":0,"10":0,"11":0,"12":0,"13":0,"14":0}}
,"C:\\Users\\Sasha\\OneDrive\\Bureau\\code\\tcg-frontend\\src\\stores\\cardManagerStore.ts": {"path":"C:\\Users\\Sasha\\OneDrive\\Bureau\\code\\tcg-frontend\\src\\stores\\cardManagerStore.ts","all":false,"statementMap":{"0":{"start":{"line":1,"column":0},"end":{"line":1,"column":3}},"1":{"start":{"line":2,"column":0},"end":{"line":2,"column":67}},"2":{"start":{"line":3,"column":0},"end":{"line":3,"column":64}},"3":{"start":{"line":4,"column":0},"end":{"line":4,"column":3}},"4":{"start":{"line":5,"column":0},"end":{"line":5,"column":0}},"5":{"start":{"line":6,"column":0},"end":{"line":6,"column":33}},"6":{"start":{"line":7,"column":0},"end":{"line":7,"column":53}},"7":{"start":{"line":8,"column":0},"end":{"line":8,"column":0}},"8":{"start":{"line":9,"column":0},"end":{"line":9,"column":35}},"9":{"start":{"line":10,"column":0},"end":{"line":10,"column":15}},"10":{"start":{"line":11,"column":0},"end":{"line":11,"column":16}},"11":{"start":{"line":12,"column":0},"end":{"line":12,"column":16}},"12":{"start":{"line":13,"column":0},"end":{"line":13,"column":15}},"13":{"start":{"line":14,"column":0},"end":{"line":14,"column":17}},"14":{"start":{"line":15,"column":0},"end":{"line":15,"column":22}},"15":{"start":{"line":16,"column":0},"end":{"line":16,"column":19}},"16":{"start":{"line":17,"column":0},"end":{"line":17,"column":16}},"17":{"start":{"line":18,"column":0},"end":{"line":18,"column":18}},"18":{"start":{"line":19,"column":0},"end":{"line":19,"column":0}},"19":{"start":{"line":20,"column":0},"end":{"line":20,"column":22}},"20":{"start":{"line":21,"column":0},"end":{"line":21,"column":24}},"21":{"start":{"line":22,"column":0},"end":{"line":22,"column":15}},"22":{"start":{"line":23,"column":0},"end":{"line":23,"column":23}},"23":{"start":{"line":24,"column":0},"end":{"line":24,"column":0}},"24":{"start":{"line":25,"column":0},"end":{"line":25,"column":14}},"25":{"start":{"line":26,"column":0},"end":{"line":26,"column":9}},"26":{"start":{"line":27,"column":0},"end":{"line":27,"column":17}},"27":{"start":{"line":28,"column":0},"end":{"line":28,"column":19}},"28":{"start":{"line":29,"column":0},"end":{"line":29,"column":17}},"29":{"start":{"line":30,"column":0},"end":{"line":30,"column":16}},"30":{"start":{"line":31,"column":0},"end":{"line":31,"column":15}},"31":{"start":{"line":32,"column":0},"end":{"line":32,"column":17}},"32":{"start":{"line":33,"column":0},"end":{"line":33,"column":22}},"33":{"start":{"line":34,"column":0},"end":{"line":34,"column":4}},"34":{"start":{"line":35,"column":0},"end":{"line":35,"column":0}},"35":{"start":{"line":36,"column":0},"end":{"line":36,"column":17}},"36":{"start":{"line":37,"column":0},"end":{"line":37,"column":25}},"37":{"start":{"line":38,"column":0},"end":{"line":38,"column":20}},"38":{"start":{"line":39,"column":0},"end":{"line":39,"column":33}},"39":{"start":{"line":40,"column":0},"end":{"line":40,"column":33}},"40":{"start":{"line":41,"column":0},"end":{"line":41,"column":0}},"41":{"start":{"line":42,"column":0},"end":{"line":42,"column":30}},"42":{"start":{"line":43,"column":0},"end":{"line":43,"column":36}},"43":{"start":{"line":44,"column":0},"end":{"line":44,"column":36}},"44":{"start":{"line":45,"column":0},"end":{"line":45,"column":34}},"45":{"start":{"line":46,"column":0},"end":{"line":46,"column":38}},"46":{"start":{"line":47,"column":0},"end":{"line":47,"column":42}},"47":{"start":{"line":48,"column":0},"end":{"line":48,"column":41}},"48":{"start":{"line":49,"column":0},"end":{"line":49,"column":36}},"49":{"start":{"line":50,"column":0},"end":{"line":50,"column":39}},"50":{"start":{"line":51,"column":0},"end":{"line":51,"column":0}},"51":{"start":{"line":52,"column":0},"end":{"line":52,"column":30}},"52":{"start":{"line":53,"column":0},"end":{"line":53,"column":27}},"53":{"start":{"line":54,"column":0},"end":{"line":54,"column":27}},"54":{"start":{"line":55,"column":0},"end":{"line":55,"column":34}},"55":{"start":{"line":56,"column":0},"end":{"line":56,"column":23}},"56":{"start":{"line":57,"column":0},"end":{"line":57,"column":23}},"57":{"start":{"line":58,"column":0},"end":{"line":58,"column":0}},"58":{"start":{"line":59,"column":0},"end":{"line":59,"column":30}},"59":{"start":{"line":60,"column":0},"end":{"line":60,"column":42}},"60":{"start":{"line":61,"column":0},"end":{"line":61,"column":50}},"61":{"start":{"line":62,"column":0},"end":{"line":62,"column":24}},"62":{"start":{"line":63,"column":0},"end":{"line":63,"column":0}},"63":{"start":{"line":64,"column":0},"end":{"line":64,"column":27}},"64":{"start":{"line":65,"column":0},"end":{"line":65,"column":44}},"65":{"start":{"line":66,"column":0},"end":{"line":66,"column":39}},"66":{"start":{"line":67,"column":0},"end":{"line":67,"column":52}},"67":{"start":{"line":68,"column":0},"end":{"line":68,"column":50}},"68":{"start":{"line":69,"column":0},"end":{"line":69,"column":0}},"69":{"start":{"line":70,"column":0},"end":{"line":70,"column":21}},"70":{"start":{"line":71,"column":0},"end":{"line":71,"column":20}},"71":{"start":{"line":72,"column":0},"end":{"line":72,"column":1}},"72":{"start":{"line":73,"column":0},"end":{"line":73,"column":0}},"73":{"start":{"line":74,"column":0},"end":{"line":74,"column":21}},"74":{"start":{"line":75,"column":0},"end":{"line":75,"column":11}},"75":{"start":{"line":76,"column":0},"end":{"line":76,"column":19}},"76":{"start":{"line":77,"column":0},"end":{"line":77,"column":18}},"77":{"start":{"line":78,"column":0},"end":{"line":78,"column":9}},"78":{"start":{"line":79,"column":0},"end":{"line":79,"column":8}},"79":{"start":{"line":80,"column":0},"end":{"line":80,"column":10}},"80":{"start":{"line":81,"column":0},"end":{"line":81,"column":15}},"81":{"start":{"line":82,"column":0},"end":{"line":82,"column":2}},"82":{"start":{"line":83,"column":0},"end":{"line":83,"column":0}},"83":{"start":{"line":84,"column":0},"end":{"line":84,"column":22}},"84":{"start":{"line":85,"column":0},"end":{"line":85,"column":12}},"85":{"start":{"line":86,"column":0},"end":{"line":86,"column":11}},"86":{"start":{"line":87,"column":0},"end":{"line":87,"column":10}},"87":{"start":{"line":88,"column":0},"end":{"line":88,"column":13}},"88":{"start":{"line":89,"column":0},"end":{"line":89,"column":20}},"89":{"start":{"line":90,"column":0},"end":{"line":90,"column":16}},"90":{"start":{"line":91,"column":0},"end":{"line":91,"column":12}},"91":{"start":{"line":92,"column":0},"end":{"line":92,"column":16}},"92":{"start":{"line":93,"column":0},"end":{"line":93,"column":24}},"93":{"start":{"line":94,"column":0},"end":{"line":94,"column":10}},"94":{"start":{"line":95,"column":0},"end":{"line":95,"column":16}},"95":{"start":{"line":96,"column":0},"end":{"line":96,"column":20}},"96":{"start":{"line":97,"column":0},"end":{"line":97,"column":18}},"97":{"start":{"line":98,"column":0},"end":{"line":98,"column":16}},"98":{"start":{"line":99,"column":0},"end":{"line":99,"column":34}},"99":{"start":{"line":100,"column":0},"end":{"line":100,"column":24}},"100":{"start":{"line":101,"column":0},"end":{"line":101,"column":2}},"101":{"start":{"line":102,"column":0},"end":{"line":102,"column":0}},"102":{"start":{"line":103,"column":0},"end":{"line":103,"column":71}},"103":{"start":{"line":104,"column":0},"end":{"line":104,"column":18}},"104":{"start":{"line":105,"column":0},"end":{"line":105,"column":0}},"105":{"start":{"line":106,"column":0},"end":{"line":106,"column":17}},"106":{"start":{"line":107,"column":0},"end":{"line":107,"column":38}},"107":{"start":{"line":108,"column":0},"end":{"line":108,"column":38}},"108":{"start":{"line":109,"column":0},"end":{"line":109,"column":35}},"109":{"start":{"line":110,"column":0},"end":{"line":110,"column":41}},"110":{"start":{"line":111,"column":0},"end":{"line":111,"column":55}},"111":{"start":{"line":112,"column":0},"end":{"line":112,"column":44}},"112":{"start":{"line":113,"column":0},"end":{"line":113,"column":38}},"113":{"start":{"line":114,"column":0},"end":{"line":114,"column":41}},"114":{"start":{"line":115,"column":0},"end":{"line":115,"column":0}},"115":{"start":{"line":116,"column":0},"end":{"line":116,"column":17}},"116":{"start":{"line":117,"column":0},"end":{"line":117,"column":87}},"117":{"start":{"line":118,"column":0},"end":{"line":118,"column":44}},"118":{"start":{"line":119,"column":0},"end":{"line":119,"column":35}},"119":{"start":{"line":120,"column":0},"end":{"line":120,"column":61}},"120":{"start":{"line":121,"column":0},"end":{"line":121,"column":74}},"121":{"start":{"line":122,"column":0},"end":{"line":122,"column":0}},"122":{"start":{"line":123,"column":0},"end":{"line":123,"column":17}},"123":{"start":{"line":124,"column":0},"end":{"line":124,"column":47}},"124":{"start":{"line":125,"column":0},"end":{"line":125,"column":31}},"125":{"start":{"line":126,"column":0},"end":{"line":126,"column":21}},"126":{"start":{"line":127,"column":0},"end":{"line":127,"column":46}},"127":{"start":{"line":128,"column":0},"end":{"line":128,"column":8}},"128":{"start":{"line":129,"column":0},"end":{"line":129,"column":61}},"129":{"start":{"line":130,"column":0},"end":{"line":130,"column":0}},"130":{"start":{"line":131,"column":0},"end":{"line":131,"column":18}},"131":{"start":{"line":132,"column":0},"end":{"line":132,"column":51}},"132":{"start":{"line":133,"column":0},"end":{"line":133,"column":51}},"133":{"start":{"line":134,"column":0},"end":{"line":134,"column":53}},"134":{"start":{"line":135,"column":0},"end":{"line":135,"column":59}},"135":{"start":{"line":136,"column":0},"end":{"line":136,"column":0}},"136":{"start":{"line":137,"column":0},"end":{"line":137,"column":10}},"137":{"start":{"line":138,"column":0},"end":{"line":138,"column":33}},"138":{"start":{"line":139,"column":0},"end":{"line":139,"column":4}}},"s":{"0":1,"1":1,"2":1,"3":1,"4":1,"5":1,"6":1,"7":1,"8":1,"9":1,"10":1,"11":1,"12":1,"13":1,"14":1,"15":1,"16":1,"17":1,"18":1,"19":1,"20":1,"21":1,"22":1,"23":1,"24":1,"25":1,"26":1,"27":1,"28":1,"29":1,"30":1,"31":1,"32":1,"33":1,"34":1,"35":1,"36":1,"37":1,"38":1,"39":1,"40":1,"41":1,"42":1,"43":1,"44":1,"45":1,"46":1,"47":1,"48":1,"49":1,"50":1,"51":1,"52":1,"53":1,"54":1,"55":1,"56":1,"57":1,"58":1,"59":1,"60":1,"61":1,"62":1,"63":1,"64":1,"65":1,"66":1,"67":1,"68":1,"69":1,"70":1,"71":1,"72":1,"73":1,"74":1,"75":1,"76":1,"77":1,"78":1,"79":1,"80":1,"81":1,"82":1,"83":1,"84":1,"85":1,"86":1,"87":1,"88":1,"89":1,"90":1,"91":1,"92":1,"93":1,"94":1,"95":1,"96":1,"97":1,"98":1,"99":1,"100":1,"101":1,"102":1,"103":4,"104":4,"105":4,"106":4,"107":4,"108":4,"109":4,"110":4,"111":4,"112":4,"113":4,"114":4,"115":4,"116":4,"117":4,"118":4,"119":4,"120":4,"121":4,"122":4,"123":4,"124":4,"125":0,"126":0,"127":0,"128":4,"129":4,"130":4,"131":4,"132":4,"133":4,"134":4,"135":4,"136":4,"137":4,"138":1},"branchMap":{"0":{"type":"branch","line":103,"loc":{"start":{"line":103,"column":60},"end":{"line":139,"column":2}},"locations":[{"start":{"line":103,"column":60},"end":{"line":139,"column":2}}]}},"b":{"0":[4]},"fnMap":{"0":{"name":"setCards","decl":{"start":{"line":107,"column":12},"end":{"line":107,"column":38}},"loc":{"start":{"line":107,"column":12},"end":{"line":107,"column":38}},"line":107},"1":{"name":"setTotal","decl":{"start":{"line":108,"column":12},"end":{"line":108,"column":38}},"loc":{"start":{"line":108,"column":12},"end":{"line":108,"column":38}},"line":108},"2":{"name":"setPage","decl":{"start":{"line":109,"column":11},"end":{"line":109,"column":35}},"loc":{"start":{"line":109,"column":11},"end":{"line":109,"column":35}},"line":109},"3":{"name":"setSearch","decl":{"start":{"line":110,"column":13},"end":{"line":110,"column":41}},"loc":{"start":{"line":110,"column":13},"end":{"line":110,"column":41}},"line":110},"4":{"name":"setGroupBySet","decl":{"start":{"line":111,"column":17},"end":{"line":111,"column":55}},"loc":{"start":{"line":111,"column":17},"end":{"line":111,"column":55}},"line":111},"5":{"name":"setLoading","decl":{"start":{"line":112,"column":14},"end":{"line":112,"column":44}},"loc":{"start":{"line":112,"column":14},"end":{"line":112,"column":44}},"line":112},"6":{"name":"setError","decl":{"start":{"line":113,"column":12},"end":{"line":113,"column":38}},"loc":{"start":{"line":113,"column":12},"end":{"line":113,"column":38}},"line":113},"7":{"name":"setSaving","decl":{"start":{"line":114,"column":13},"end":{"line":114,"column":41}},"loc":{"start":{"line":114,"column":13},"end":{"line":114,"column":41}},"line":114},"8":{"name":"switchToList","decl":{"start":{"line":117,"column":16},"end":{"line":117,"column":87}},"loc":{"start":{"line":117,"column":16},"end":{"line":117,"column":87}},"line":117},"9":{"name":"switchToEdit","decl":{"start":{"line":118,"column":16},"end":{"line":118,"column":44}},"loc":{"start":{"line":118,"column":16},"end":{"line":118,"column":44}},"line":118},"10":{"name":"setStep","decl":{"start":{"line":119,"column":11},"end":{"line":119,"column":35}},"loc":{"start":{"line":119,"column":11},"end":{"line":119,"column":35}},"line":119},"11":{"name":"nextStep","decl":{"start":{"line":120,"column":12},"end":{"line":120,"column":61}},"loc":{"start":{"line":120,"column":12},"end":{"line":120,"column":61}},"line":120},"12":{"name":"prevStep","decl":{"start":{"line":121,"column":12},"end":{"line":121,"column":74}},"loc":{"start":{"line":121,"column":12},"end":{"line":121,"column":74}},"line":121},"13":{"name":"setEditing","decl":{"start":{"line":124,"column":14},"end":{"line":124,"column":47}},"loc":{"start":{"line":124,"column":14},"end":{"line":124,"column":47}},"line":124},"14":{"name":"updateForm","decl":{"start":{"line":125,"column":14},"end":{"line":128,"column":8}},"loc":{"start":{"line":125,"column":14},"end":{"line":128,"column":8}},"line":125},"15":{"name":"resetForm","decl":{"start":{"line":129,"column":13},"end":{"line":129,"column":61}},"loc":{"start":{"line":129,"column":13},"end":{"line":129,"column":61}},"line":129},"16":{"name":"setImageFile","decl":{"start":{"line":132,"column":16},"end":{"line":132,"column":51}},"loc":{"start":{"line":132,"column":16},"end":{"line":132,"column":51}},"line":132},"17":{"name":"setImageName","decl":{"start":{"line":133,"column":16},"end":{"line":133,"column":51}},"loc":{"start":{"line":133,"column":16},"end":{"line":133,"column":51}},"line":133},"18":{"name":"setUploadMode","decl":{"start":{"line":134,"column":17},"end":{"line":134,"column":53}},"loc":{"start":{"line":134,"column":17},"end":{"line":134,"column":53}},"line":134},"19":{"name":"setSelectedImageId","decl":{"start":{"line":135,"column":22},"end":{"line":135,"column":59}},"loc":{"start":{"line":135,"column":22},"end":{"line":135,"column":59}},"line":135},"20":{"name":"reset","decl":{"start":{"line":138,"column":9},"end":{"line":138,"column":33}},"loc":{"start":{"line":138,"column":9},"end":{"line":138,"column":33}},"line":138}},"f":{"0":0,"1":0,"2":0,"3":0,"4":0,"5":0,"6":0,"7":0,"8":0,"9":0,"10":0,"11":0,"12":0,"13":0,"14":0,"15":0,"16":0,"17":0,"18":0,"19":0,"20":0}}
,"C:\\Users\\Sasha\\OneDrive\\Bureau\\code\\tcg-frontend\\src\\stores\\gameStore.ts": {"path":"C:\\Users\\Sasha\\OneDrive\\Bureau\\code\\tcg-frontend\\src\\stores\\gameStore.ts","all":false,"statementMap":{"0":{"start":{"line":1,"column":0},"end":{"line":1,"column":3}},"1":{"start":{"line":2,"column":0},"end":{"line":2,"column":42}},"2":{"start":{"line":3,"column":0},"end":{"line":3,"column":43}},"3":{"start":{"line":4,"column":0},"end":{"line":4,"column":56}},"4":{"start":{"line":5,"column":0},"end":{"line":5,"column":3}},"5":{"start":{"line":6,"column":0},"end":{"line":6,"column":0}},"6":{"start":{"line":7,"column":0},"end":{"line":7,"column":33}},"7":{"start":{"line":8,"column":0},"end":{"line":8,"column":55}},"8":{"start":{"line":9,"column":0},"end":{"line":9,"column":0}},"9":{"start":{"line":10,"column":0},"end":{"line":10,"column":33}},"10":{"start":{"line":11,"column":0},"end":{"line":11,"column":16}},"11":{"start":{"line":12,"column":0},"end":{"line":12,"column":25}},"12":{"start":{"line":13,"column":0},"end":{"line":13,"column":23}},"13":{"start":{"line":14,"column":0},"end":{"line":14,"column":34}},"14":{"start":{"line":15,"column":0},"end":{"line":15,"column":0}},"15":{"start":{"line":16,"column":0},"end":{"line":16,"column":21}},"16":{"start":{"line":17,"column":0},"end":{"line":17,"column":30}},"17":{"start":{"line":18,"column":0},"end":{"line":18,"column":67}},"18":{"start":{"line":19,"column":0},"end":{"line":19,"column":0}},"19":{"start":{"line":20,"column":0},"end":{"line":20,"column":34}},"20":{"start":{"line":21,"column":0},"end":{"line":21,"column":30}},"21":{"start":{"line":22,"column":0},"end":{"line":22,"column":30}},"22":{"start":{"line":23,"column":0},"end":{"line":23,"column":23}},"23":{"start":{"line":24,"column":0},"end":{"line":24,"column":0}},"24":{"start":{"line":25,"column":0},"end":{"line":25,"column":10}},"25":{"start":{"line":26,"column":0},"end":{"line":26,"column":19}},"26":{"start":{"line":27,"column":0},"end":{"line":27,"column":0}},"27":{"start":{"line":28,"column":0},"end":{"line":28,"column":12}},"28":{"start":{"line":29,"column":0},"end":{"line":29,"column":42}},"29":{"start":{"line":30,"column":0},"end":{"line":30,"column":42}},"30":{"start":{"line":31,"column":0},"end":{"line":31,"column":54}},"31":{"start":{"line":32,"column":0},"end":{"line":32,"column":50}},"32":{"start":{"line":33,"column":0},"end":{"line":33,"column":56}},"33":{"start":{"line":34,"column":0},"end":{"line":34,"column":46}},"34":{"start":{"line":35,"column":0},"end":{"line":35,"column":46}},"35":{"start":{"line":36,"column":0},"end":{"line":36,"column":45}},"36":{"start":{"line":37,"column":0},"end":{"line":37,"column":38}},"37":{"start":{"line":38,"column":0},"end":{"line":38,"column":32}},"38":{"start":{"line":39,"column":0},"end":{"line":39,"column":0}},"39":{"start":{"line":40,"column":0},"end":{"line":40,"column":16}},"40":{"start":{"line":41,"column":0},"end":{"line":41,"column":20}},"41":{"start":{"line":42,"column":0},"end":{"line":42,"column":1}},"42":{"start":{"line":43,"column":0},"end":{"line":43,"column":0}},"43":{"start":{"line":44,"column":0},"end":{"line":44,"column":22}},"44":{"start":{"line":45,"column":0},"end":{"line":45,"column":16}},"45":{"start":{"line":46,"column":0},"end":{"line":46,"column":19}},"46":{"start":{"line":47,"column":0},"end":{"line":47,"column":20}},"47":{"start":{"line":48,"column":0},"end":{"line":48,"column":18}},"48":{"start":{"line":49,"column":0},"end":{"line":49,"column":26}},"49":{"start":{"line":50,"column":0},"end":{"line":50,"column":21}},"50":{"start":{"line":51,"column":0},"end":{"line":51,"column":21}},"51":{"start":{"line":52,"column":0},"end":{"line":52,"column":17}},"52":{"start":{"line":53,"column":0},"end":{"line":53,"column":15}},"53":{"start":{"line":54,"column":0},"end":{"line":54,"column":2}},"54":{"start":{"line":55,"column":0},"end":{"line":55,"column":0}},"55":{"start":{"line":56,"column":0},"end":{"line":56,"column":62}},"56":{"start":{"line":57,"column":0},"end":{"line":57,"column":18}},"57":{"start":{"line":58,"column":0},"end":{"line":58,"column":0}},"58":{"start":{"line":59,"column":0},"end":{"line":59,"column":43}},"59":{"start":{"line":60,"column":0},"end":{"line":60,"column":57}},"60":{"start":{"line":61,"column":0},"end":{"line":61,"column":57}},"61":{"start":{"line":62,"column":0},"end":{"line":62,"column":53}},"62":{"start":{"line":63,"column":0},"end":{"line":63,"column":41}},"63":{"start":{"line":64,"column":0},"end":{"line":64,"column":56}},"64":{"start":{"line":65,"column":0},"end":{"line":65,"column":56}},"65":{"start":{"line":66,"column":0},"end":{"line":66,"column":59}},"66":{"start":{"line":67,"column":0},"end":{"line":67,"column":49}},"67":{"start":{"line":68,"column":0},"end":{"line":68,"column":26}},"68":{"start":{"line":69,"column":0},"end":{"line":69,"column":21}},"69":{"start":{"line":70,"column":0},"end":{"line":70,"column":48}},"70":{"start":{"line":71,"column":0},"end":{"line":71,"column":8}},"71":{"start":{"line":72,"column":0},"end":{"line":72,"column":0}},"72":{"start":{"line":73,"column":0},"end":{"line":73,"column":33}},"73":{"start":{"line":74,"column":0},"end":{"line":74,"column":4}}},"s":{"0":1,"1":1,"2":1,"3":1,"4":1,"5":1,"6":1,"7":1,"8":1,"9":1,"10":1,"11":1,"12":1,"13":1,"14":1,"15":1,"16":1,"17":1,"18":1,"19":1,"20":1,"21":1,"22":1,"23":1,"24":1,"25":1,"26":1,"27":1,"28":1,"29":1,"30":1,"31":1,"32":1,"33":1,"34":1,"35":1,"36":1,"37":1,"38":1,"39":1,"40":1,"41":1,"42":1,"43":1,"44":1,"45":1,"46":1,"47":1,"48":1,"49":1,"50":1,"51":1,"52":1,"53":1,"54":1,"55":1,"56":4,"57":4,"58":4,"59":4,"60":4,"61":4,"62":4,"63":4,"64":4,"65":4,"66":4,"67":4,"68":4,"69":4,"70":4,"71":4,"72":4,"73":1},"branchMap":{"0":{"type":"branch","line":56,"loc":{"start":{"line":56,"column":51},"end":{"line":74,"column":2}},"locations":[{"start":{"line":56,"column":51},"end":{"line":74,"column":2}}]},"1":{"type":"branch","line":59,"loc":{"start":{"line":59,"column":14},"end":{"line":59,"column":43}},"locations":[{"start":{"line":59,"column":14},"end":{"line":59,"column":43}}]},"2":{"type":"branch","line":60,"loc":{"start":{"line":60,"column":19},"end":{"line":60,"column":57}},"locations":[{"start":{"line":60,"column":19},"end":{"line":60,"column":57}}]},"3":{"type":"branch","line":63,"loc":{"start":{"line":63,"column":13},"end":{"line":63,"column":41}},"locations":[{"start":{"line":63,"column":13},"end":{"line":63,"column":41}}]},"4":{"type":"branch","line":64,"loc":{"start":{"line":64,"column":14},"end":{"line":64,"column":56}},"locations":[{"start":{"line":64,"column":14},"end":{"line":64,"column":56}}]},"5":{"type":"branch","line":65,"loc":{"start":{"line":65,"column":14},"end":{"line":65,"column":56}},"locations":[{"start":{"line":65,"column":14},"end":{"line":65,"column":56}}]},"6":{"type":"branch","line":66,"loc":{"start":{"line":66,"column":17},"end":{"line":66,"column":59}},"locations":[{"start":{"line":66,"column":17},"end":{"line":66,"column":59}}]},"7":{"type":"branch","line":67,"loc":{"start":{"line":67,"column":15},"end":{"line":67,"column":49}},"locations":[{"start":{"line":67,"column":15},"end":{"line":67,"column":49}}]},"8":{"type":"branch","line":68,"loc":{"start":{"line":68,"column":21},"end":{"line":71,"column":8}},"locations":[{"start":{"line":68,"column":21},"end":{"line":71,"column":8}}]},"9":{"type":"branch","line":69,"loc":{"start":{"line":69,"column":8},"end":{"line":71,"column":6}},"locations":[{"start":{"line":69,"column":8},"end":{"line":71,"column":6}}]},"10":{"type":"branch","line":73,"loc":{"start":{"line":73,"column":9},"end":{"line":73,"column":33}},"locations":[{"start":{"line":73,"column":9},"end":{"line":73,"column":33}}]}},"b":{"0":[4],"1":[4],"2":[3],"3":[4],"4":[4],"5":[3],"6":[2],"7":[3],"8":[4],"9":[4],"10":[1]},"fnMap":{"0":{"name":"setMatchId","decl":{"start":{"line":59,"column":14},"end":{"line":59,"column":43}},"loc":{"start":{"line":59,"column":14},"end":{"line":59,"column":43}},"line":59},"1":{"name":"setOpponentName","decl":{"start":{"line":60,"column":19},"end":{"line":60,"column":57}},"loc":{"start":{"line":60,"column":19},"end":{"line":60,"column":57}},"line":60},"2":{"name":"setPlayerStats","decl":{"start":{"line":61,"column":18},"end":{"line":61,"column":57}},"loc":{"start":{"line":61,"column":18},"end":{"line":61,"column":57}},"line":61},"3":{"name":"setGameState","decl":{"start":{"line":62,"column":16},"end":{"line":62,"column":53}},"loc":{"start":{"line":62,"column":16},"end":{"line":62,"column":53}},"line":62},"4":{"name":"setStatus","decl":{"start":{"line":63,"column":13},"end":{"line":63,"column":41}},"loc":{"start":{"line":63,"column":13},"end":{"line":63,"column":41}},"line":63},"5":{"name":"selectCard","decl":{"start":{"line":64,"column":14},"end":{"line":64,"column":56}},"loc":{"start":{"line":64,"column":14},"end":{"line":64,"column":56}},"line":64},"6":{"name":"selectZone","decl":{"start":{"line":65,"column":14},"end":{"line":65,"column":56}},"loc":{"start":{"line":65,"column":14},"end":{"line":65,"column":56}},"line":65},"7":{"name":"setPayIndices","decl":{"start":{"line":66,"column":17},"end":{"line":66,"column":59}},"loc":{"start":{"line":66,"column":17},"end":{"line":66,"column":59}},"line":66},"8":{"name":"setTimeLeft","decl":{"start":{"line":67,"column":15},"end":{"line":67,"column":49}},"loc":{"start":{"line":67,"column":15},"end":{"line":67,"column":49}},"line":67},"9":{"name":"decrementTimeLeft","decl":{"start":{"line":68,"column":21},"end":{"line":71,"column":8}},"loc":{"start":{"line":68,"column":21},"end":{"line":71,"column":8}},"line":68},"10":{"name":"reset","decl":{"start":{"line":73,"column":9},"end":{"line":73,"column":33}},"loc":{"start":{"line":73,"column":9},"end":{"line":73,"column":33}},"line":73}},"f":{"0":4,"1":3,"2":0,"3":0,"4":4,"5":4,"6":3,"7":2,"8":3,"9":4,"10":1}}
,"C:\\Users\\Sasha\\OneDrive\\Bureau\\code\\tcg-frontend\\src\\stores\\uiStore.ts": {"path":"C:\\Users\\Sasha\\OneDrive\\Bureau\\code\\tcg-frontend\\src\\stores\\uiStore.ts","all":false,"statementMap":{"0":{"start":{"line":1,"column":0},"end":{"line":1,"column":3}},"1":{"start":{"line":2,"column":0},"end":{"line":2,"column":42}},"2":{"start":{"line":3,"column":0},"end":{"line":3,"column":60}},"3":{"start":{"line":4,"column":0},"end":{"line":4,"column":3}},"4":{"start":{"line":5,"column":0},"end":{"line":5,"column":0}},"5":{"start":{"line":6,"column":0},"end":{"line":6,"column":33}},"6":{"start":{"line":7,"column":0},"end":{"line":7,"column":0}},"7":{"start":{"line":8,"column":0},"end":{"line":8,"column":64}},"8":{"start":{"line":9,"column":0},"end":{"line":9,"column":0}},"9":{"start":{"line":10,"column":0},"end":{"line":10,"column":24}},"10":{"start":{"line":11,"column":0},"end":{"line":11,"column":14}},"11":{"start":{"line":12,"column":0},"end":{"line":12,"column":21}},"12":{"start":{"line":13,"column":0},"end":{"line":13,"column":1}},"13":{"start":{"line":14,"column":0},"end":{"line":14,"column":0}},"14":{"start":{"line":15,"column":0},"end":{"line":15,"column":31}},"15":{"start":{"line":16,"column":0},"end":{"line":16,"column":18}},"16":{"start":{"line":17,"column":0},"end":{"line":17,"column":17}},"17":{"start":{"line":18,"column":0},"end":{"line":18,"column":31}},"18":{"start":{"line":19,"column":0},"end":{"line":19,"column":26}},"19":{"start":{"line":20,"column":0},"end":{"line":20,"column":31}},"20":{"start":{"line":21,"column":0},"end":{"line":21,"column":0}},"21":{"start":{"line":22,"column":0},"end":{"line":22,"column":24}},"22":{"start":{"line":23,"column":0},"end":{"line":23,"column":22}},"23":{"start":{"line":24,"column":0},"end":{"line":24,"column":0}},"24":{"start":{"line":25,"column":0},"end":{"line":25,"column":25}},"25":{"start":{"line":26,"column":0},"end":{"line":26,"column":23}},"26":{"start":{"line":27,"column":0},"end":{"line":27,"column":20}},"27":{"start":{"line":28,"column":0},"end":{"line":28,"column":18}},"28":{"start":{"line":29,"column":0},"end":{"line":29,"column":22}},"29":{"start":{"line":30,"column":0},"end":{"line":30,"column":22}},"30":{"start":{"line":31,"column":0},"end":{"line":31,"column":4}},"31":{"start":{"line":32,"column":0},"end":{"line":32,"column":25}},"32":{"start":{"line":33,"column":0},"end":{"line":33,"column":0}},"33":{"start":{"line":34,"column":0},"end":{"line":34,"column":19}},"34":{"start":{"line":35,"column":0},"end":{"line":35,"column":26}},"35":{"start":{"line":36,"column":0},"end":{"line":36,"column":26}},"36":{"start":{"line":37,"column":0},"end":{"line":37,"column":0}},"37":{"start":{"line":38,"column":0},"end":{"line":38,"column":12}},"38":{"start":{"line":39,"column":0},"end":{"line":39,"column":35}},"39":{"start":{"line":40,"column":0},"end":{"line":40,"column":32}},"40":{"start":{"line":41,"column":0},"end":{"line":41,"column":33}},"41":{"start":{"line":42,"column":0},"end":{"line":42,"column":27}},"42":{"start":{"line":43,"column":0},"end":{"line":43,"column":28}},"43":{"start":{"line":44,"column":0},"end":{"line":44,"column":32}},"44":{"start":{"line":45,"column":0},"end":{"line":45,"column":33}},"45":{"start":{"line":46,"column":0},"end":{"line":46,"column":0}},"46":{"start":{"line":47,"column":0},"end":{"line":47,"column":18}},"47":{"start":{"line":48,"column":0},"end":{"line":48,"column":55}},"48":{"start":{"line":49,"column":0},"end":{"line":49,"column":27}},"49":{"start":{"line":50,"column":0},"end":{"line":50,"column":0}},"50":{"start":{"line":51,"column":0},"end":{"line":51,"column":21}},"51":{"start":{"line":52,"column":0},"end":{"line":52,"column":79}},"52":{"start":{"line":53,"column":0},"end":{"line":53,"column":38}},"53":{"start":{"line":54,"column":0},"end":{"line":54,"column":44}},"54":{"start":{"line":55,"column":0},"end":{"line":55,"column":0}},"55":{"start":{"line":56,"column":0},"end":{"line":56,"column":19}},"56":{"start":{"line":57,"column":0},"end":{"line":57,"column":46}},"57":{"start":{"line":58,"column":0},"end":{"line":58,"column":46}},"58":{"start":{"line":59,"column":0},"end":{"line":59,"column":0}},"59":{"start":{"line":60,"column":0},"end":{"line":60,"column":10}},"60":{"start":{"line":61,"column":0},"end":{"line":61,"column":20}},"61":{"start":{"line":62,"column":0},"end":{"line":62,"column":1}},"62":{"start":{"line":63,"column":0},"end":{"line":63,"column":0}},"63":{"start":{"line":64,"column":0},"end":{"line":64,"column":22}},"64":{"start":{"line":65,"column":0},"end":{"line":65,"column":30}},"65":{"start":{"line":66,"column":0},"end":{"line":66,"column":29}},"66":{"start":{"line":67,"column":0},"end":{"line":67,"column":24}},"67":{"start":{"line":68,"column":0},"end":{"line":68,"column":29}},"68":{"start":{"line":69,"column":0},"end":{"line":69,"column":14}},"69":{"start":{"line":70,"column":0},"end":{"line":70,"column":25}},"70":{"start":{"line":71,"column":0},"end":{"line":71,"column":21}},"71":{"start":{"line":72,"column":0},"end":{"line":72,"column":24}},"72":{"start":{"line":73,"column":0},"end":{"line":73,"column":24}},"73":{"start":{"line":74,"column":0},"end":{"line":74,"column":2}},"74":{"start":{"line":75,"column":0},"end":{"line":75,"column":0}},"75":{"start":{"line":76,"column":0},"end":{"line":76,"column":58}},"76":{"start":{"line":77,"column":0},"end":{"line":77,"column":18}},"77":{"start":{"line":78,"column":0},"end":{"line":78,"column":0}},"78":{"start":{"line":79,"column":0},"end":{"line":79,"column":49}},"79":{"start":{"line":80,"column":0},"end":{"line":80,"column":62}},"80":{"start":{"line":81,"column":0},"end":{"line":81,"column":64}},"81":{"start":{"line":82,"column":0},"end":{"line":82,"column":52}},"82":{"start":{"line":83,"column":0},"end":{"line":83,"column":54}},"83":{"start":{"line":84,"column":0},"end":{"line":84,"column":62}},"84":{"start":{"line":85,"column":0},"end":{"line":85,"column":64}},"85":{"start":{"line":86,"column":0},"end":{"line":86,"column":0}},"86":{"start":{"line":87,"column":0},"end":{"line":87,"column":27}},"87":{"start":{"line":88,"column":0},"end":{"line":88,"column":9}},"88":{"start":{"line":89,"column":0},"end":{"line":89,"column":27}},"89":{"start":{"line":90,"column":0},"end":{"line":90,"column":43}},"90":{"start":{"line":91,"column":0},"end":{"line":91,"column":7}},"91":{"start":{"line":92,"column":0},"end":{"line":92,"column":43}},"92":{"start":{"line":93,"column":0},"end":{"line":93,"column":0}},"93":{"start":{"line":94,"column":0},"end":{"line":94,"column":37}},"94":{"start":{"line":95,"column":0},"end":{"line":95,"column":41}},"95":{"start":{"line":96,"column":0},"end":{"line":96,"column":32}},"96":{"start":{"line":97,"column":0},"end":{"line":97,"column":36}},"97":{"start":{"line":98,"column":0},"end":{"line":98,"column":61}},"98":{"start":{"line":99,"column":0},"end":{"line":99,"column":0}},"99":{"start":{"line":100,"column":0},"end":{"line":100,"column":65}},"100":{"start":{"line":101,"column":0},"end":{"line":101,"column":65}},"101":{"start":{"line":102,"column":0},"end":{"line":102,"column":0}},"102":{"start":{"line":103,"column":0},"end":{"line":103,"column":33}},"103":{"start":{"line":104,"column":0},"end":{"line":104,"column":4}}},"s":{"0":1,"1":1,"2":1,"3":1,"4":1,"5":1,"6":1,"7":1,"8":1,"9":1,"10":1,"11":1,"12":1,"13":1,"14":1,"15":1,"16":1,"17":1,"18":1,"19":1,"20":1,"21":1,"22":1,"23":1,"24":1,"25":1,"26":1,"27":1,"28":1,"29":1,"30":1,"31":1,"32":1,"33":1,"34":1,"35":1,"36":1,"37":1,"38":1,"39":1,"40":1,"41":1,"42":1,"43":1,"44":1,"45":1,"46":1,"47":1,"48":1,"49":1,"50":1,"51":1,"52":1,"53":1,"54":1,"55":1,"56":1,"57":1,"58":1,"59":1,"60":1,"61":1,"62":1,"63":1,"64":1,"65":1,"66":1,"67":1,"68":1,"69":1,"70":1,"71":1,"72":1,"73":1,"74":1,"75":1,"76":4,"77":4,"78":4,"79":4,"80":4,"81":4,"82":4,"83":4,"84":4,"85":4,"86":4,"87":3,"88":3,"89":3,"90":3,"91":4,"92":4,"93":4,"94":2,"95":4,"96":1,"97":4,"98":4,"99":4,"100":4,"101":4,"102":4,"103":1},"branchMap":{"0":{"type":"branch","line":76,"loc":{"start":{"line":76,"column":47},"end":{"line":104,"column":2}},"locations":[{"start":{"line":76,"column":47},"end":{"line":104,"column":2}}]},"1":{"type":"branch","line":79,"loc":{"start":{"line":79,"column":16},"end":{"line":79,"column":49}},"locations":[{"start":{"line":79,"column":16},"end":{"line":79,"column":49}}]},"2":{"type":"branch","line":80,"loc":{"start":{"line":80,"column":21},"end":{"line":80,"column":62}},"locations":[{"start":{"line":80,"column":21},"end":{"line":80,"column":62}}]},"3":{"type":"branch","line":81,"loc":{"start":{"line":81,"column":22},"end":{"line":81,"column":64}},"locations":[{"start":{"line":81,"column":22},"end":{"line":81,"column":64}}]},"4":{"type":"branch","line":82,"loc":{"start":{"line":82,"column":16},"end":{"line":82,"column":52}},"locations":[{"start":{"line":82,"column":16},"end":{"line":82,"column":52}}]},"5":{"type":"branch","line":83,"loc":{"start":{"line":83,"column":17},"end":{"line":83,"column":54}},"locations":[{"start":{"line":83,"column":17},"end":{"line":83,"column":54}}]},"6":{"type":"branch","line":84,"loc":{"start":{"line":84,"column":21},"end":{"line":84,"column":62}},"locations":[{"start":{"line":84,"column":21},"end":{"line":84,"column":62}}]},"7":{"type":"branch","line":85,"loc":{"start":{"line":85,"column":22},"end":{"line":85,"column":64}},"locations":[{"start":{"line":85,"column":22},"end":{"line":85,"column":64}}]},"8":{"type":"branch","line":87,"loc":{"start":{"line":87,"column":13},"end":{"line":91,"column":7}},"locations":[{"start":{"line":87,"column":13},"end":{"line":91,"column":7}}]},"9":{"type":"branch","line":92,"loc":{"start":{"line":92,"column":16},"end":{"line":92,"column":43}},"locations":[{"start":{"line":92,"column":16},"end":{"line":92,"column":43}}]},"10":{"type":"branch","line":94,"loc":{"start":{"line":94,"column":25},"end":{"line":95,"column":41}},"locations":[{"start":{"line":94,"column":25},"end":{"line":95,"column":41}}]},"11":{"type":"branch","line":96,"loc":{"start":{"line":96,"column":27},"end":{"line":97,"column":36}},"locations":[{"start":{"line":96,"column":27},"end":{"line":97,"column":36}}]},"12":{"type":"branch","line":98,"loc":{"start":{"line":98,"column":21},"end":{"line":98,"column":61}},"locations":[{"start":{"line":98,"column":21},"end":{"line":98,"column":61}}]},"13":{"type":"branch","line":100,"loc":{"start":{"line":100,"column":19},"end":{"line":100,"column":65}},"locations":[{"start":{"line":100,"column":19},"end":{"line":100,"column":65}}]},"14":{"type":"branch","line":101,"loc":{"start":{"line":101,"column":19},"end":{"line":101,"column":65}},"locations":[{"start":{"line":101,"column":19},"end":{"line":101,"column":65}}]},"15":{"type":"branch","line":103,"loc":{"start":{"line":103,"column":9},"end":{"line":103,"column":33}},"locations":[{"start":{"line":103,"column":9},"end":{"line":103,"column":33}}]}},"b":{"0":[4],"1":[3],"2":[1],"3":[1],"4":[2],"5":[1],"6":[1],"7":[1],"8":[3],"9":[1],"10":[2],"11":[1],"12":[3],"13":[2],"14":[2],"15":[1]},"fnMap":{"0":{"name":"setActiveTab","decl":{"start":{"line":79,"column":16},"end":{"line":79,"column":49}},"loc":{"start":{"line":79,"column":16},"end":{"line":79,"column":49}},"line":79},"1":{"name":"openCardPickModal","decl":{"start":{"line":80,"column":21},"end":{"line":80,"column":62}},"loc":{"start":{"line":80,"column":21},"end":{"line":80,"column":62}},"line":80},"2":{"name":"closeCardPickModal","decl":{"start":{"line":81,"column":22},"end":{"line":81,"column":64}},"loc":{"start":{"line":81,"column":22},"end":{"line":81,"column":64}},"line":81},"3":{"name":"openSettings","decl":{"start":{"line":82,"column":16},"end":{"line":82,"column":52}},"loc":{"start":{"line":82,"column":16},"end":{"line":82,"column":52}},"line":82},"4":{"name":"closeSettings","decl":{"start":{"line":83,"column":17},"end":{"line":83,"column":54}},"loc":{"start":{"line":83,"column":17},"end":{"line":83,"column":54}},"line":83},"5":{"name":"openConfirmDialog","decl":{"start":{"line":84,"column":21},"end":{"line":84,"column":62}},"loc":{"start":{"line":84,"column":21},"end":{"line":84,"column":62}},"line":84},"6":{"name":"closeConfirmDialog","decl":{"start":{"line":85,"column":22},"end":{"line":85,"column":64}},"loc":{"start":{"line":85,"column":22},"end":{"line":85,"column":64}},"line":85},"7":{"name":"showToast","decl":{"start":{"line":87,"column":13},"end":{"line":91,"column":7}},"loc":{"start":{"line":87,"column":13},"end":{"line":91,"column":7}},"line":87},"8":{"name":"dismissToast","decl":{"start":{"line":92,"column":16},"end":{"line":92,"column":43}},"loc":{"start":{"line":92,"column":16},"end":{"line":92,"column":43}},"line":92},"9":{"name":"setMarketplaceFilters","decl":{"start":{"line":94,"column":25},"end":{"line":95,"column":41}},"loc":{"start":{"line":94,"column":25},"end":{"line":95,"column":41}},"line":94},"10":{"name":"clearMarketplaceFilters","decl":{"start":{"line":96,"column":27},"end":{"line":97,"column":36}},"loc":{"start":{"line":96,"column":27},"end":{"line":97,"column":36}},"line":96},"11":{"name":"setDeckSearchTerm","decl":{"start":{"line":98,"column":21},"end":{"line":98,"column":61}},"loc":{"start":{"line":98,"column":21},"end":{"line":98,"column":61}},"line":98},"12":{"name":"setLoadingMatch","decl":{"start":{"line":100,"column":19},"end":{"line":100,"column":65}},"loc":{"start":{"line":100,"column":19},"end":{"line":100,"column":65}},"line":100},"13":{"name":"setLoadingCards","decl":{"start":{"line":101,"column":19},"end":{"line":101,"column":65}},"loc":{"start":{"line":101,"column":19},"end":{"line":101,"column":65}},"line":101},"14":{"name":"reset","decl":{"start":{"line":103,"column":9},"end":{"line":103,"column":33}},"loc":{"start":{"line":103,"column":9},"end":{"line":103,"column":33}},"line":103}},"f":{"0":3,"1":1,"2":1,"3":2,"4":1,"5":1,"6":1,"7":3,"8":1,"9":2,"10":1,"11":3,"12":2,"13":2,"14":1}}
,"C:\\Users\\Sasha\\OneDrive\\Bureau\\code\\tcg-frontend\\src\\stores\\userStore.ts": {"path":"C:\\Users\\Sasha\\OneDrive\\Bureau\\code\\tcg-frontend\\src\\stores\\userStore.ts","all":false,"statementMap":{"0":{"start":{"line":1,"column":0},"end":{"line":1,"column":3}},"1":{"start":{"line":2,"column":0},"end":{"line":2,"column":58}},"2":{"start":{"line":3,"column":0},"end":{"line":3,"column":65}},"3":{"start":{"line":4,"column":0},"end":{"line":4,"column":3}},"4":{"start":{"line":5,"column":0},"end":{"line":5,"column":0}},"5":{"start":{"line":6,"column":0},"end":{"line":6,"column":33}},"6":{"start":{"line":7,"column":0},"end":{"line":7,"column":45}},"7":{"start":{"line":8,"column":0},"end":{"line":8,"column":0}},"8":{"start":{"line":9,"column":0},"end":{"line":9,"column":33}},"9":{"start":{"line":10,"column":0},"end":{"line":10,"column":34}},"10":{"start":{"line":11,"column":0},"end":{"line":11,"column":31}},"11":{"start":{"line":12,"column":0},"end":{"line":12,"column":37}},"12":{"start":{"line":13,"column":0},"end":{"line":13,"column":24}},"13":{"start":{"line":14,"column":0},"end":{"line":14,"column":0}},"14":{"start":{"line":15,"column":0},"end":{"line":15,"column":27}},"15":{"start":{"line":16,"column":0},"end":{"line":16,"column":34}},"16":{"start":{"line":17,"column":0},"end":{"line":17,"column":0}},"17":{"start":{"line":18,"column":0},"end":{"line":18,"column":26}},"18":{"start":{"line":19,"column":0},"end":{"line":19,"column":50}},"19":{"start":{"line":20,"column":0},"end":{"line":20,"column":57}},"20":{"start":{"line":21,"column":0},"end":{"line":21,"column":46}},"21":{"start":{"line":22,"column":0},"end":{"line":22,"column":0}},"22":{"start":{"line":23,"column":0},"end":{"line":23,"column":27}},"23":{"start":{"line":24,"column":0},"end":{"line":24,"column":35}},"24":{"start":{"line":25,"column":0},"end":{"line":25,"column":36}},"25":{"start":{"line":26,"column":0},"end":{"line":26,"column":0}},"26":{"start":{"line":27,"column":0},"end":{"line":27,"column":10}},"27":{"start":{"line":28,"column":0},"end":{"line":28,"column":32}},"28":{"start":{"line":29,"column":0},"end":{"line":29,"column":1}},"29":{"start":{"line":30,"column":0},"end":{"line":30,"column":0}},"30":{"start":{"line":31,"column":0},"end":{"line":31,"column":22}},"31":{"start":{"line":32,"column":0},"end":{"line":32,"column":26}},"32":{"start":{"line":33,"column":0},"end":{"line":33,"column":27}},"33":{"start":{"line":34,"column":0},"end":{"line":34,"column":21}},"34":{"start":{"line":35,"column":0},"end":{"line":35,"column":32}},"35":{"start":{"line":36,"column":0},"end":{"line":36,"column":2}},"36":{"start":{"line":37,"column":0},"end":{"line":37,"column":0}},"37":{"start":{"line":38,"column":0},"end":{"line":38,"column":53}},"38":{"start":{"line":39,"column":0},"end":{"line":39,"column":10}},"39":{"start":{"line":40,"column":0},"end":{"line":40,"column":15}},"40":{"start":{"line":41,"column":0},"end":{"line":41,"column":22}},"41":{"start":{"line":42,"column":0},"end":{"line":42,"column":0}},"42":{"start":{"line":43,"column":0},"end":{"line":43,"column":53}},"43":{"start":{"line":44,"column":0},"end":{"line":44,"column":49}},"44":{"start":{"line":45,"column":0},"end":{"line":45,"column":67}},"45":{"start":{"line":46,"column":0},"end":{"line":46,"column":0}},"46":{"start":{"line":47,"column":0},"end":{"line":47,"column":72}},"47":{"start":{"line":48,"column":0},"end":{"line":48,"column":74}},"48":{"start":{"line":49,"column":0},"end":{"line":49,"column":0}},"49":{"start":{"line":50,"column":0},"end":{"line":50,"column":49}},"50":{"start":{"line":51,"column":0},"end":{"line":51,"column":7}},"51":{"start":{"line":52,"column":0},"end":{"line":52,"column":5}},"52":{"start":{"line":53,"column":0},"end":{"line":53,"column":45}},"53":{"start":{"line":54,"column":0},"end":{"line":54,"column":17}},"54":{"start":{"line":55,"column":0},"end":{"line":55,"column":69}},"55":{"start":{"line":56,"column":0},"end":{"line":56,"column":31}},"56":{"start":{"line":57,"column":0},"end":{"line":57,"column":33}},"57":{"start":{"line":58,"column":0},"end":{"line":58,"column":27}},"58":{"start":{"line":59,"column":0},"end":{"line":59,"column":41}},"59":{"start":{"line":60,"column":0},"end":{"line":60,"column":67}},"60":{"start":{"line":61,"column":0},"end":{"line":61,"column":9}},"61":{"start":{"line":62,"column":0},"end":{"line":62,"column":5}},"62":{"start":{"line":63,"column":0},"end":{"line":63,"column":3}},"63":{"start":{"line":64,"column":0},"end":{"line":64,"column":2}}},"s":{"0":1,"1":1,"2":1,"3":1,"4":1,"5":1,"6":1,"7":1,"8":1,"9":1,"10":1,"11":1,"12":1,"13":1,"14":1,"15":1,"16":1,"17":1,"18":1,"19":1,"20":1,"21":1,"22":1,"23":1,"24":1,"25":1,"26":1,"27":1,"28":1,"29":1,"30":1,"31":1,"32":1,"33":1,"34":1,"35":1,"36":1,"37":1,"38":1,"39":1,"40":4,"41":4,"42":4,"43":4,"44":4,"45":4,"46":4,"47":4,"48":4,"49":4,"50":4,"51":1,"52":1,"53":1,"54":1,"55":1,"56":30,"57":30,"58":30,"59":30,"60":30,"61":1,"62":1,"63":1},"branchMap":{"0":{"type":"branch","line":40,"loc":{"start":{"line":40,"column":4},"end":{"line":51,"column":7}},"locations":[{"start":{"line":40,"column":4},"end":{"line":51,"column":7}}]},"1":{"type":"branch","line":43,"loc":{"start":{"line":43,"column":19},"end":{"line":43,"column":53}},"locations":[{"start":{"line":43,"column":19},"end":{"line":43,"column":53}}]},"2":{"type":"branch","line":44,"loc":{"start":{"line":44,"column":16},"end":{"line":44,"column":49}},"locations":[{"start":{"line":44,"column":16},"end":{"line":44,"column":49}}]},"3":{"type":"branch","line":45,"loc":{"start":{"line":45,"column":23},"end":{"line":45,"column":67}},"locations":[{"start":{"line":45,"column":23},"end":{"line":45,"column":67}}]},"4":{"type":"branch","line":47,"loc":{"start":{"line":47,"column":28},"end":{"line":47,"column":72}},"locations":[{"start":{"line":47,"column":28},"end":{"line":47,"column":72}}]},"5":{"type":"branch","line":48,"loc":{"start":{"line":48,"column":29},"end":{"line":48,"column":74}},"locations":[{"start":{"line":48,"column":29},"end":{"line":48,"column":74}}]},"6":{"type":"branch","line":50,"loc":{"start":{"line":50,"column":25},"end":{"line":50,"column":49}},"locations":[{"start":{"line":50,"column":25},"end":{"line":50,"column":49}}]},"7":{"type":"branch","line":56,"loc":{"start":{"line":56,"column":18},"end":{"line":61,"column":9}},"locations":[{"start":{"line":56,"column":18},"end":{"line":61,"column":9}}]}},"b":{"0":[4],"1":[5],"2":[5],"3":[4],"4":[4],"5":[1],"6":[1],"7":[30]},"fnMap":{"0":{"name":"__vite_ssr_import_0__.create.__vite_ssr_import_1__.persist.name","decl":{"start":{"line":40,"column":4},"end":{"line":51,"column":7}},"loc":{"start":{"line":40,"column":4},"end":{"line":51,"column":7}},"line":40},"1":{"name":"setLanguage","decl":{"start":{"line":43,"column":19},"end":{"line":43,"column":53}},"loc":{"start":{"line":43,"column":19},"end":{"line":43,"column":53}},"line":43},"2":{"name":"setTheme","decl":{"start":{"line":44,"column":16},"end":{"line":44,"column":49}},"loc":{"start":{"line":44,"column":16},"end":{"line":44,"column":49}},"line":44},"3":{"name":"setIsFirstVisit","decl":{"start":{"line":45,"column":23},"end":{"line":45,"column":67}},"loc":{"start":{"line":45,"column":23},"end":{"line":45,"column":67}},"line":45},"4":{"name":"openDailyRewardModal","decl":{"start":{"line":47,"column":28},"end":{"line":47,"column":72}},"loc":{"start":{"line":47,"column":28},"end":{"line":47,"column":72}},"line":47},"5":{"name":"closeDailyRewardModal","decl":{"start":{"line":48,"column":29},"end":{"line":48,"column":74}},"loc":{"start":{"line":48,"column":29},"end":{"line":48,"column":74}},"line":48},"6":{"name":"resetUserSettings","decl":{"start":{"line":50,"column":25},"end":{"line":50,"column":49}},"loc":{"start":{"line":50,"column":25},"end":{"line":50,"column":49}},"line":50},"7":{"name":"partialize","decl":{"start":{"line":56,"column":18},"end":{"line":61,"column":9}},"loc":{"start":{"line":56,"column":18},"end":{"line":61,"column":9}},"line":56}},"f":{"0":4,"1":5,"2":5,"3":4,"4":4,"5":1,"6":1,"7":30}}
}
